Classic Timing Analyzer report for register-16
Thu Mar 10 19:23:40 2022
Quartus II Version 8.1 Build 163 10/28/2008 SJ Web Edition


---------------------
; Table of Contents ;
---------------------
  1. Legal Notice
  2. Timing Analyzer Summary
  3. Timing Analyzer Settings
  4. Clock Settings Summary
  5. tsu
  6. tco
  7. th
  8. Timing Analyzer Messages



----------------
; Legal Notice ;
----------------
Copyright (C) 1991-2008 Altera Corporation
Your use of Altera Corporation's design tools, logic functions 
and other software and tools, and its AMPP partner logic 
functions, and any output files from any of the foregoing 
(including device programming or simulation files), and any 
associated documentation or information are expressly subject 
to the terms and conditions of the Altera Program License 
Subscription Agreement, Altera MegaCore Function License 
Agreement, or other applicable license agreement, including, 
without limitation, that your use is for the sole purpose of 
programming logic devices manufactured by Altera and sold by 
Altera or its authorized distributors.  Please refer to the 
applicable agreement for further details.



+------------------------------------------------------------------------------------------------------------------------------------------------------------+
; Timing Analyzer Summary                                                                                                                                    ;
+------------------------------+-------+---------------+-------------+------------------------+-----------------------+------------+----------+--------------+
; Type                         ; Slack ; Required Time ; Actual Time ; From                   ; To                    ; From Clock ; To Clock ; Failed Paths ;
+------------------------------+-------+---------------+-------------+------------------------+-----------------------+------------+----------+--------------+
; Worst-case tsu               ; N/A   ; None          ; 5.385 ns    ; D3                     ; register-4:inst3|inst ; --         ; CP       ; 0            ;
; Worst-case tco               ; N/A   ; None          ; 10.009 ns   ; register-4:inst1|inst1 ; Q10                   ; CP         ; --       ; 0            ;
; Worst-case th                ; N/A   ; None          ; -3.783 ns   ; D13                    ; register-4:inst|inst2 ; --         ; CP       ; 0            ;
; Total number of failed paths ;       ;               ;             ;                        ;                       ;            ;          ; 0            ;
+------------------------------+-------+---------------+-------------+------------------------+-----------------------+------------+----------+--------------+


+--------------------------------------------------------------------------------------------------------------------+
; Timing Analyzer Settings                                                                                           ;
+---------------------------------------------------------------------+--------------------+------+----+-------------+
; Option                                                              ; Setting            ; From ; To ; Entity Name ;
+---------------------------------------------------------------------+--------------------+------+----+-------------+
; Device Name                                                         ; EP2C8Q208C8        ;      ;    ;             ;
; Timing Models                                                       ; Final              ;      ;    ;             ;
; Default hold multicycle                                             ; Same as Multicycle ;      ;    ;             ;
; Cut paths between unrelated clock domains                           ; On                 ;      ;    ;             ;
; Cut off read during write signal paths                              ; On                 ;      ;    ;             ;
; Cut off feedback from I/O pins                                      ; On                 ;      ;    ;             ;
; Report Combined Fast/Slow Timing                                    ; Off                ;      ;    ;             ;
; Ignore Clock Settings                                               ; Off                ;      ;    ;             ;
; Analyze latches as synchronous elements                             ; On                 ;      ;    ;             ;
; Enable Recovery/Removal analysis                                    ; Off                ;      ;    ;             ;
; Enable Clock Latency                                                ; Off                ;      ;    ;             ;
; Use TimeQuest Timing Analyzer                                       ; Off                ;      ;    ;             ;
; Minimum Core Junction Temperature                                   ; 0                  ;      ;    ;             ;
; Maximum Core Junction Temperature                                   ; 85                 ;      ;    ;             ;
; Number of source nodes to report per destination node               ; 10                 ;      ;    ;             ;
; Number of destination nodes to report                               ; 10                 ;      ;    ;             ;
; Number of paths to report                                           ; 200                ;      ;    ;             ;
; Report Minimum Timing Checks                                        ; Off                ;      ;    ;             ;
; Use Fast Timing Models                                              ; Off                ;      ;    ;             ;
; Report IO Paths Separately                                          ; Off                ;      ;    ;             ;
; Perform Multicorner Analysis                                        ; On                 ;      ;    ;             ;
; Reports the worst-case path for each clock domain and analysis      ; Off                ;      ;    ;             ;
; Removes common clock path pessimism (CCPP) during slack computation ; Off                ;      ;    ;             ;
; Output I/O Timing Endpoint                                          ; Near End           ;      ;    ;             ;
+---------------------------------------------------------------------+--------------------+------+----+-------------+


+------------------------------------------------------------------------------------------------------------------------------------------------------------------------------------+
; Clock Settings Summary                                                                                                                                                             ;
+-----------------+--------------------+----------+------------------+---------------+--------------+----------+-----------------------+---------------------+--------+--------------+
; Clock Node Name ; Clock Setting Name ; Type     ; Fmax Requirement ; Early Latency ; Late Latency ; Based on ; Multiply Base Fmax by ; Divide Base Fmax by ; Offset ; Phase offset ;
+-----------------+--------------------+----------+------------------+---------------+--------------+----------+-----------------------+---------------------+--------+--------------+
; CP              ;                    ; User Pin ; None             ; 0.000 ns      ; 0.000 ns     ; --       ; N/A                   ; N/A                 ; N/A    ;              ;
+-----------------+--------------------+----------+------------------+---------------+--------------+----------+-----------------------+---------------------+--------+--------------+


+------------------------------------------------------------------------------+
; tsu                                                                          ;
+-------+--------------+------------+------+------------------------+----------+
; Slack ; Required tsu ; Actual tsu ; From ; To                     ; To Clock ;
+-------+--------------+------------+------+------------------------+----------+
; N/A   ; None         ; 5.385 ns   ; D3   ; register-4:inst3|inst  ; CP       ;
; N/A   ; None         ; 5.343 ns   ; D2   ; register-4:inst3|inst1 ; CP       ;
; N/A   ; None         ; 5.328 ns   ; D6   ; register-4:inst2|inst1 ; CP       ;
; N/A   ; None         ; 5.327 ns   ; D1   ; register-4:inst3|inst2 ; CP       ;
; N/A   ; None         ; 5.306 ns   ; D5   ; register-4:inst2|inst2 ; CP       ;
; N/A   ; None         ; 5.211 ns   ; D4   ; register-4:inst2|inst3 ; CP       ;
; N/A   ; None         ; 5.061 ns   ; D0   ; register-4:inst3|inst3 ; CP       ;
; N/A   ; None         ; 5.044 ns   ; D14  ; register-4:inst|inst1  ; CP       ;
; N/A   ; None         ; 4.572 ns   ; D10  ; register-4:inst1|inst1 ; CP       ;
; N/A   ; None         ; 4.462 ns   ; D12  ; register-4:inst|inst3  ; CP       ;
; N/A   ; None         ; 4.263 ns   ; D9   ; register-4:inst1|inst2 ; CP       ;
; N/A   ; None         ; 4.241 ns   ; D8   ; register-4:inst1|inst3 ; CP       ;
; N/A   ; None         ; 4.227 ns   ; D7   ; register-4:inst2|inst  ; CP       ;
; N/A   ; None         ; 4.092 ns   ; D11  ; register-4:inst1|inst  ; CP       ;
; N/A   ; None         ; 4.083 ns   ; D15  ; register-4:inst|inst   ; CP       ;
; N/A   ; None         ; 4.049 ns   ; D13  ; register-4:inst|inst2  ; CP       ;
+-------+--------------+------------+------+------------------------+----------+


+-------------------------------------------------------------------------------+
; tco                                                                           ;
+-------+--------------+------------+------------------------+-----+------------+
; Slack ; Required tco ; Actual tco ; From                   ; To  ; From Clock ;
+-------+--------------+------------+------------------------+-----+------------+
; N/A   ; None         ; 10.009 ns  ; register-4:inst1|inst1 ; Q10 ; CP         ;
; N/A   ; None         ; 9.664 ns   ; register-4:inst|inst   ; Q15 ; CP         ;
; N/A   ; None         ; 9.587 ns   ; register-4:inst|inst2  ; Q13 ; CP         ;
; N/A   ; None         ; 9.574 ns   ; register-4:inst1|inst  ; Q11 ; CP         ;
; N/A   ; None         ; 9.536 ns   ; register-4:inst2|inst  ; Q7  ; CP         ;
; N/A   ; None         ; 9.232 ns   ; register-4:inst|inst3  ; Q12 ; CP         ;
; N/A   ; None         ; 9.185 ns   ; register-4:inst1|inst2 ; Q9  ; CP         ;
; N/A   ; None         ; 8.990 ns   ; register-4:inst1|inst3 ; Q8  ; CP         ;
; N/A   ; None         ; 8.852 ns   ; register-4:inst|inst1  ; Q14 ; CP         ;
; N/A   ; None         ; 8.395 ns   ; register-4:inst3|inst3 ; Q0  ; CP         ;
; N/A   ; None         ; 8.083 ns   ; register-4:inst3|inst2 ; Q1  ; CP         ;
; N/A   ; None         ; 8.070 ns   ; register-4:inst2|inst3 ; Q4  ; CP         ;
; N/A   ; None         ; 7.719 ns   ; register-4:inst3|inst1 ; Q2  ; CP         ;
; N/A   ; None         ; 7.695 ns   ; register-4:inst3|inst  ; Q3  ; CP         ;
; N/A   ; None         ; 7.675 ns   ; register-4:inst2|inst1 ; Q6  ; CP         ;
; N/A   ; None         ; 6.988 ns   ; register-4:inst2|inst2 ; Q5  ; CP         ;
+-------+--------------+------------+------------------------+-----+------------+


+------------------------------------------------------------------------------------+
; th                                                                                 ;
+---------------+-------------+-----------+------+------------------------+----------+
; Minimum Slack ; Required th ; Actual th ; From ; To                     ; To Clock ;
+---------------+-------------+-----------+------+------------------------+----------+
; N/A           ; None        ; -3.783 ns ; D13  ; register-4:inst|inst2  ; CP       ;
; N/A           ; None        ; -3.817 ns ; D15  ; register-4:inst|inst   ; CP       ;
; N/A           ; None        ; -3.826 ns ; D11  ; register-4:inst1|inst  ; CP       ;
; N/A           ; None        ; -3.961 ns ; D7   ; register-4:inst2|inst  ; CP       ;
; N/A           ; None        ; -3.975 ns ; D8   ; register-4:inst1|inst3 ; CP       ;
; N/A           ; None        ; -3.997 ns ; D9   ; register-4:inst1|inst2 ; CP       ;
; N/A           ; None        ; -4.196 ns ; D12  ; register-4:inst|inst3  ; CP       ;
; N/A           ; None        ; -4.306 ns ; D10  ; register-4:inst1|inst1 ; CP       ;
; N/A           ; None        ; -4.778 ns ; D14  ; register-4:inst|inst1  ; CP       ;
; N/A           ; None        ; -4.795 ns ; D0   ; register-4:inst3|inst3 ; CP       ;
; N/A           ; None        ; -4.945 ns ; D4   ; register-4:inst2|inst3 ; CP       ;
; N/A           ; None        ; -5.040 ns ; D5   ; register-4:inst2|inst2 ; CP       ;
; N/A           ; None        ; -5.061 ns ; D1   ; register-4:inst3|inst2 ; CP       ;
; N/A           ; None        ; -5.062 ns ; D6   ; register-4:inst2|inst1 ; CP       ;
; N/A           ; None        ; -5.077 ns ; D2   ; register-4:inst3|inst1 ; CP       ;
; N/A           ; None        ; -5.119 ns ; D3   ; register-4:inst3|inst  ; CP       ;
+---------------+-------------+-----------+------+------------------------+----------+


+--------------------------+
; Timing Analyzer Messages ;
+--------------------------+
Info: *******************************************************************
Info: Running Quartus II Classic Timing Analyzer
    Info: Version 8.1 Build 163 10/28/2008 SJ Web Edition
    Info: Processing started: Thu Mar 10 19:23:40 2022
Info: Command: quartus_tan --read_settings_files=off --write_settings_files=off register-16 -c register-16 --timing_analysis_only
Warning: Found pins functioning as undefined clocks and/or memory enables
    Info: Assuming node "CP" is an undefined clock
Info: No valid register-to-register data paths exist for clock "CP"
Info: tsu for register "register-4:inst3|inst" (data pin = "D3", clock pin = "CP") is 5.385 ns
    Info: + Longest pin to register delay is 8.300 ns
        Info: 1: + IC(0.000 ns) + CELL(0.974 ns) = 0.974 ns; Loc. = PIN_82; Fanout = 1; PIN Node = 'D3'
        Info: 2: + IC(6.866 ns) + CELL(0.460 ns) = 8.300 ns; Loc. = LCFF_X3_Y3_N25; Fanout = 1; REG Node = 'register-4:inst3|inst'
        Info: Total cell delay = 1.434 ns ( 17.28 % )
        Info: Total interconnect delay = 6.866 ns ( 82.72 % )
    Info: + Micro setup delay of destination is -0.040 ns
    Info: - Shortest clock path from clock "CP" to destination register is 2.875 ns
        Info: 1: + IC(0.000 ns) + CELL(1.150 ns) = 1.150 ns; Loc. = PIN_132; Fanout = 1; CLK Node = 'CP'
        Info: 2: + IC(0.139 ns) + CELL(0.000 ns) = 1.289 ns; Loc. = CLKCTRL_G6; Fanout = 16; COMB Node = 'CP~clkctrl'
        Info: 3: + IC(0.920 ns) + CELL(0.666 ns) = 2.875 ns; Loc. = LCFF_X3_Y3_N25; Fanout = 1; REG Node = 'register-4:inst3|inst'
        Info: Total cell delay = 1.816 ns ( 63.17 % )
        Info: Total interconnect delay = 1.059 ns ( 36.83 % )
Info: tco from clock "CP" to destination pin "Q10" through register "register-4:inst1|inst1" is 10.009 ns
    Info: + Longest clock path from clock "CP" to source register is 2.894 ns
        Info: 1: + IC(0.000 ns) + CELL(1.150 ns) = 1.150 ns; Loc. = PIN_132; Fanout = 1; CLK Node = 'CP'
        Info: 2: + IC(0.139 ns) + CELL(0.000 ns) = 1.289 ns; Loc. = CLKCTRL_G6; Fanout = 16; COMB Node = 'CP~clkctrl'
        Info: 3: + IC(0.939 ns) + CELL(0.666 ns) = 2.894 ns; Loc. = LCFF_X16_Y1_N17; Fanout = 1; REG Node = 'register-4:inst1|inst1'
        Info: Total cell delay = 1.816 ns ( 62.75 % )
        Info: Total interconnect delay = 1.078 ns ( 37.25 % )
    Info: + Micro clock to output delay of source is 0.304 ns
    Info: + Longest register to pin delay is 6.811 ns
        Info: 1: + IC(0.000 ns) + CELL(0.000 ns) = 0.000 ns; Loc. = LCFF_X16_Y1_N17; Fanout = 1; REG Node = 'register-4:inst1|inst1'
        Info: 2: + IC(3.715 ns) + CELL(3.096 ns) = 6.811 ns; Loc. = PIN_134; Fanout = 0; PIN Node = 'Q10'
        Info: Total cell delay = 3.096 ns ( 45.46 % )
        Info: Total interconnect delay = 3.715 ns ( 54.54 % )
Info: th for register "register-4:inst|inst2" (data pin = "D13", clock pin = "CP") is -3.783 ns
    Info: + Longest clock path from clock "CP" to destination register is 2.895 ns
        Info: 1: + IC(0.000 ns) + CELL(1.150 ns) = 1.150 ns; Loc. = PIN_132; Fanout = 1; CLK Node = 'CP'
        Info: 2: + IC(0.139 ns) + CELL(0.000 ns) = 1.289 ns; Loc. = CLKCTRL_G6; Fanout = 16; COMB Node = 'CP~clkctrl'
        Info: 3: + IC(0.940 ns) + CELL(0.666 ns) = 2.895 ns; Loc. = LCFF_X17_Y1_N1; Fanout = 1; REG Node = 'register-4:inst|inst2'
        Info: Total cell delay = 1.816 ns ( 62.73 % )
        Info: Total interconnect delay = 1.079 ns ( 37.27 % )
    Info: + Micro hold delay of destination is 0.306 ns
    Info: - Shortest pin to register delay is 6.984 ns
        Info: 1: + IC(0.000 ns) + CELL(0.964 ns) = 0.964 ns; Loc. = PIN_74; Fanout = 1; PIN Node = 'D13'
        Info: 2: + IC(5.706 ns) + CELL(0.206 ns) = 6.876 ns; Loc. = LCCOMB_X17_Y1_N0; Fanout = 1; COMB Node = 'register-4:inst|inst2~feeder'
        Info: 3: + IC(0.000 ns) + CELL(0.108 ns) = 6.984 ns; Loc. = LCFF_X17_Y1_N1; Fanout = 1; REG Node = 'register-4:inst|inst2'
        Info: Total cell delay = 1.278 ns ( 18.30 % )
        Info: Total interconnect delay = 5.706 ns ( 81.70 % )
Info: Quartus II Classic Timing Analyzer was successful. 0 errors, 1 warning
    Info: Peak virtual memory: 213 megabytes
    Info: Processing ended: Thu Mar 10 19:23:40 2022
    Info: Elapsed time: 00:00:00
    Info: Total CPU time (on all processors): 00:00:00


