Classic Timing Analyzer report for tri_state_gate_8
Sun Apr 17 17:07:38 2022
Quartus II Version 8.1 Build 163 10/28/2008 SJ Web Edition


---------------------
; Table of Contents ;
---------------------
  1. Legal Notice
  2. Timing Analyzer Summary
  3. Timing Analyzer Settings
  4. tpd
  5. Timing Analyzer Messages



----------------
; Legal Notice ;
----------------
Copyright (C) 1991-2008 Altera Corporation
Your use of Altera Corporation's design tools, logic functions 
and other software and tools, and its AMPP partner logic 
functions, and any output files from any of the foregoing 
(including device programming or simulation files), and any 
associated documentation or information are expressly subject 
to the terms and conditions of the Altera Program License 
Subscription Agreement, Altera MegaCore Function License 
Agreement, or other applicable license agreement, including, 
without limitation, that your use is for the sole purpose of 
programming logic devices manufactured by Altera and sold by 
Altera or its authorized distributors.  Please refer to the 
applicable agreement for further details.



+-----------------------------------------------------------------------------------------------------------------------+
; Timing Analyzer Summary                                                                                               ;
+------------------------------+-------+---------------+-------------+------+----+------------+----------+--------------+
; Type                         ; Slack ; Required Time ; Actual Time ; From ; To ; From Clock ; To Clock ; Failed Paths ;
+------------------------------+-------+---------------+-------------+------+----+------------+----------+--------------+
; Worst-case tpd               ; N/A   ; None          ; 10.344 ns   ; EN   ; O7 ; --         ; --       ; 0            ;
; Total number of failed paths ;       ;               ;             ;      ;    ;            ;          ; 0            ;
+------------------------------+-------+---------------+-------------+------+----+------------+----------+--------------+


+--------------------------------------------------------------------------------------------------------------------+
; Timing Analyzer Settings                                                                                           ;
+---------------------------------------------------------------------+--------------------+------+----+-------------+
; Option                                                              ; Setting            ; From ; To ; Entity Name ;
+---------------------------------------------------------------------+--------------------+------+----+-------------+
; Device Name                                                         ; EP2C8Q208C8        ;      ;    ;             ;
; Timing Models                                                       ; Final              ;      ;    ;             ;
; Default hold multicycle                                             ; Same as Multicycle ;      ;    ;             ;
; Cut paths between unrelated clock domains                           ; On                 ;      ;    ;             ;
; Cut off read during write signal paths                              ; On                 ;      ;    ;             ;
; Cut off feedback from I/O pins                                      ; On                 ;      ;    ;             ;
; Report Combined Fast/Slow Timing                                    ; Off                ;      ;    ;             ;
; Ignore Clock Settings                                               ; Off                ;      ;    ;             ;
; Analyze latches as synchronous elements                             ; On                 ;      ;    ;             ;
; Enable Recovery/Removal analysis                                    ; Off                ;      ;    ;             ;
; Enable Clock Latency                                                ; Off                ;      ;    ;             ;
; Use TimeQuest Timing Analyzer                                       ; Off                ;      ;    ;             ;
; Minimum Core Junction Temperature                                   ; 0                  ;      ;    ;             ;
; Maximum Core Junction Temperature                                   ; 85                 ;      ;    ;             ;
; Number of source nodes to report per destination node               ; 10                 ;      ;    ;             ;
; Number of destination nodes to report                               ; 10                 ;      ;    ;             ;
; Number of paths to report                                           ; 200                ;      ;    ;             ;
; Report Minimum Timing Checks                                        ; Off                ;      ;    ;             ;
; Use Fast Timing Models                                              ; Off                ;      ;    ;             ;
; Report IO Paths Separately                                          ; Off                ;      ;    ;             ;
; Perform Multicorner Analysis                                        ; On                 ;      ;    ;             ;
; Reports the worst-case path for each clock domain and analysis      ; Off                ;      ;    ;             ;
; Removes common clock path pessimism (CCPP) during slack computation ; Off                ;      ;    ;             ;
; Output I/O Timing Endpoint                                          ; Near End           ;      ;    ;             ;
+---------------------------------------------------------------------+--------------------+------+----+-------------+


+---------------------------------------------------------+
; tpd                                                     ;
+-------+-------------------+-----------------+------+----+
; Slack ; Required P2P Time ; Actual P2P Time ; From ; To ;
+-------+-------------------+-----------------+------+----+
; N/A   ; None              ; 10.344 ns       ; EN   ; O1 ;
; N/A   ; None              ; 10.344 ns       ; EN   ; O7 ;
; N/A   ; None              ; 9.772 ns        ; I5   ; O5 ;
; N/A   ; None              ; 9.709 ns        ; I6   ; O6 ;
; N/A   ; None              ; 9.682 ns        ; EN   ; O0 ;
; N/A   ; None              ; 9.682 ns        ; EN   ; O2 ;
; N/A   ; None              ; 9.649 ns        ; EN   ; O4 ;
; N/A   ; None              ; 9.548 ns        ; EN   ; O5 ;
; N/A   ; None              ; 9.518 ns        ; EN   ; O3 ;
; N/A   ; None              ; 9.518 ns        ; EN   ; O6 ;
; N/A   ; None              ; 9.325 ns        ; I4   ; O4 ;
; N/A   ; None              ; 9.315 ns        ; I7   ; O7 ;
; N/A   ; None              ; 5.534 ns        ; I3   ; O3 ;
; N/A   ; None              ; 5.532 ns        ; I0   ; O0 ;
; N/A   ; None              ; 5.517 ns        ; I2   ; O2 ;
; N/A   ; None              ; 5.185 ns        ; I1   ; O1 ;
+-------+-------------------+-----------------+------+----+


+--------------------------+
; Timing Analyzer Messages ;
+--------------------------+
Info: *******************************************************************
Info: Running Quartus II Classic Timing Analyzer
    Info: Version 8.1 Build 163 10/28/2008 SJ Web Edition
    Info: Processing started: Sun Apr 17 17:07:38 2022
Info: Command: quartus_tan --read_settings_files=off --write_settings_files=off tri_state_gate_8 -c tri_state_gate_8 --timing_analysis_only
Info: Longest tpd from source pin "EN" to destination pin "O1" is 10.344 ns
    Info: 1: + IC(0.000 ns) + CELL(1.005 ns) = 1.005 ns; Loc. = PIN_6; Fanout = 8; PIN Node = 'EN'
    Info: 2: + IC(6.204 ns) + CELL(3.135 ns) = 10.344 ns; Loc. = PIN_33; Fanout = 0; PIN Node = 'O1'
    Info: Total cell delay = 4.140 ns ( 40.02 % )
    Info: Total interconnect delay = 6.204 ns ( 59.98 % )
Info: Quartus II Classic Timing Analyzer was successful. 0 errors, 0 warnings
    Info: Peak virtual memory: 213 megabytes
    Info: Processing ended: Sun Apr 17 17:07:38 2022
    Info: Elapsed time: 00:00:00
    Info: Total CPU time (on all processors): 00:00:00


