Flow report for shifter_4
Mon Mar 14 21:17:38 2022
Quartus II Version 8.1 Build 163 10/28/2008 SJ Web Edition


---------------------
; Table of Contents ;
---------------------
  1. Legal Notice
  2. Flow Summary
  3. Flow Settings
  4. Flow Non-Default Global Settings
  5. Flow Elapsed Time
  6. Flow OS Summary
  7. Flow Log



----------------
; Legal Notice ;
----------------
Copyright (C) 1991-2008 Altera Corporation
Your use of Altera Corporation's design tools, logic functions 
and other software and tools, and its AMPP partner logic 
functions, and any output files from any of the foregoing 
(including device programming or simulation files), and any 
associated documentation or information are expressly subject 
to the terms and conditions of the Altera Program License 
Subscription Agreement, Altera MegaCore Function License 
Agreement, or other applicable license agreement, including, 
without limitation, that your use is for the sole purpose of 
programming logic devices manufactured by Altera and sold by 
Altera or its authorized distributors.  Please refer to the 
applicable agreement for further details.



+------------------------------------------------------------------------------+
; Flow Summary                                                                 ;
+------------------------------------+-----------------------------------------+
; Flow Status                        ; Successful - Mon Mar 14 21:17:38 2022   ;
; Quartus II Version                 ; 8.1 Build 163 10/28/2008 SJ Web Edition ;
; Revision Name                      ; shifter_4                               ;
; Top-level Entity Name              ; shifter_4                               ;
; Family                             ; Cyclone II                              ;
; Device                             ; EP2C8Q208C8                             ;
; Timing Models                      ; Final                                   ;
; Met timing requirements            ; Yes                                     ;
; Total logic elements               ; 10 / 8,256 ( < 1 % )                    ;
;     Total combinational functions  ; 10 / 8,256 ( < 1 % )                    ;
;     Dedicated logic registers      ; 0 / 8,256 ( 0 % )                       ;
; Total registers                    ; 0                                       ;
; Total pins                         ; 15 / 138 ( 11 % )                       ;
; Total virtual pins                 ; 0                                       ;
; Total memory bits                  ; 0 / 165,888 ( 0 % )                     ;
; Embedded Multiplier 9-bit elements ; 0 / 36 ( 0 % )                          ;
; Total PLLs                         ; 0 / 2 ( 0 % )                           ;
+------------------------------------+-----------------------------------------+


+-----------------------------------------+
; Flow Settings                           ;
+-------------------+---------------------+
; Option            ; Setting             ;
+-------------------+---------------------+
; Start date & time ; 03/14/2022 21:17:32 ;
; Main task         ; Compilation         ;
; Revision Name     ; shifter_4           ;
+-------------------+---------------------+


+--------------------------------------------------------------------------------------------------------------------------------------------------+
; Flow Non-Default Global Settings                                                                                                                 ;
+------------------------------------+--------------------------------------------------------------+---------------+-------------+----------------+
; Assignment Name                    ; Value                                                        ; Default Value ; Entity Name ; Section Id     ;
+------------------------------------+--------------------------------------------------------------+---------------+-------------+----------------+
; COMPILER_SIGNATURE_ID              ; 57715610693122.164726385218028                               ; --            ; --          ; --             ;
; EDA_OUTPUT_DATA_FORMAT             ; Vhdl                                                         ; --            ; --          ; eda_simulation ;
; EDA_SIMULATION_TOOL                ; ModelSim (VHDL)                                              ; <None>        ; --          ; --             ;
; MAX_CORE_JUNCTION_TEMP             ; 85                                                           ; --            ; --          ; --             ;
; MIN_CORE_JUNCTION_TEMP             ; 0                                                            ; --            ; --          ; --             ;
; MISC_FILE                          ; D:/JiSuanJiZuZhiYuJieGou/MyTest/shifter_4/shifter_4.dpf      ; --            ; --          ; --             ;
; MISC_FILE                          ; D:/JiSuanJiZuZhiYuJieGou/Experiment2/shifter_4/shifter_4.dpf ; --            ; --          ; --             ;
; PARTITION_COLOR                    ; 16764057                                                     ; --            ; --          ; Top            ;
; PARTITION_NETLIST_TYPE             ; SOURCE                                                       ; --            ; --          ; Top            ;
; USE_GENERATED_PHYSICAL_CONSTRAINTS ; Off                                                          ; --            ; --          ; eda_blast_fpga ;
+------------------------------------+--------------------------------------------------------------+---------------+-------------+----------------+


+-----------------------------------------------------------------------------------------------------------------------------+
; Flow Elapsed Time                                                                                                           ;
+-------------------------+--------------+-------------------------+---------------------+------------------------------------+
; Module Name             ; Elapsed Time ; Average Processors Used ; Peak Virtual Memory ; Total CPU Time (on all processors) ;
+-------------------------+--------------+-------------------------+---------------------+------------------------------------+
; Analysis & Synthesis    ; 00:00:00     ; 1.0                     ; 244 MB              ; 00:00:00                           ;
; Fitter                  ; 00:00:01     ; 1.0                     ; 277 MB              ; 00:00:01                           ;
; Assembler               ; 00:00:01     ; 1.0                     ; 250 MB              ; 00:00:01                           ;
; Classic Timing Analyzer ; 00:00:00     ; 1.0                     ; 198 MB              ; 00:00:00                           ;
; EDA Netlist Writer      ; 00:00:00     ; 1.0                     ; 184 MB              ; 00:00:00                           ;
; Total                   ; 00:00:02     ; --                      ; --                  ; 00:00:02                           ;
+-------------------------+--------------+-------------------------+---------------------+------------------------------------+


+------------------------------------------------------------------------------------------+
; Flow OS Summary                                                                          ;
+-------------------------+------------------+---------------+------------+----------------+
; Module Name             ; Machine Hostname ; OS Name       ; OS Version ; Processor type ;
+-------------------------+------------------+---------------+------------+----------------+
; Analysis & Synthesis    ; LAPTOP-2L510BBE  ; Windows Vista ; 6.2        ; x86_64         ;
; Fitter                  ; LAPTOP-2L510BBE  ; Windows Vista ; 6.2        ; x86_64         ;
; Assembler               ; LAPTOP-2L510BBE  ; Windows Vista ; 6.2        ; x86_64         ;
; Classic Timing Analyzer ; LAPTOP-2L510BBE  ; Windows Vista ; 6.2        ; x86_64         ;
; EDA Netlist Writer      ; LAPTOP-2L510BBE  ; Windows Vista ; 6.2        ; x86_64         ;
+-------------------------+------------------+---------------+------------+----------------+


------------
; Flow Log ;
------------
quartus_map --read_settings_files=on --write_settings_files=off shifter_4 -c shifter_4
quartus_fit --read_settings_files=off --write_settings_files=off shifter_4 -c shifter_4
quartus_asm --read_settings_files=off --write_settings_files=off shifter_4 -c shifter_4
quartus_tan --read_settings_files=off --write_settings_files=off shifter_4 -c shifter_4 --timing_analysis_only
quartus_eda --read_settings_files=off --write_settings_files=off shifter_4 -c shifter_4



