Flow report for ALU8_with_set_model
Sat Apr 16 23:06:55 2022
Quartus II Version 8.1 Build 163 10/28/2008 SJ Web Edition


---------------------
; Table of Contents ;
---------------------
  1. Legal Notice
  2. Flow Summary
  3. Flow Settings
  4. Flow Non-Default Global Settings
  5. Flow Elapsed Time
  6. Flow OS Summary
  7. Flow Log



----------------
; Legal Notice ;
----------------
Copyright (C) 1991-2008 Altera Corporation
Your use of Altera Corporation's design tools, logic functions 
and other software and tools, and its AMPP partner logic 
functions, and any output files from any of the foregoing 
(including device programming or simulation files), and any 
associated documentation or information are expressly subject 
to the terms and conditions of the Altera Program License 
Subscription Agreement, Altera MegaCore Function License 
Agreement, or other applicable license agreement, including, 
without limitation, that your use is for the sole purpose of 
programming logic devices manufactured by Altera and sold by 
Altera or its authorized distributors.  Please refer to the 
applicable agreement for further details.



+------------------------------------------------------------------------------+
; Flow Summary                                                                 ;
+------------------------------------+-----------------------------------------+
; Flow Status                        ; Successful - Sat Apr 16 23:06:55 2022   ;
; Quartus II Version                 ; 8.1 Build 163 10/28/2008 SJ Web Edition ;
; Revision Name                      ; ALU8_with_set_model                     ;
; Top-level Entity Name              ; ALU8_with_set_model                     ;
; Family                             ; Cyclone II                              ;
; Device                             ; EP2C8Q208C8                             ;
; Timing Models                      ; Final                                   ;
; Met timing requirements            ; Yes                                     ;
; Total logic elements               ; 35 / 8,256 ( < 1 % )                    ;
;     Total combinational functions  ; 35 / 8,256 ( < 1 % )                    ;
;     Dedicated logic registers      ; 0 / 8,256 ( 0 % )                       ;
; Total registers                    ; 0                                       ;
; Total pins                         ; 31 / 138 ( 22 % )                       ;
; Total virtual pins                 ; 0                                       ;
; Total memory bits                  ; 0 / 165,888 ( 0 % )                     ;
; Embedded Multiplier 9-bit elements ; 0 / 36 ( 0 % )                          ;
; Total PLLs                         ; 0 / 2 ( 0 % )                           ;
+------------------------------------+-----------------------------------------+


+-----------------------------------------+
; Flow Settings                           ;
+-------------------+---------------------+
; Option            ; Setting             ;
+-------------------+---------------------+
; Start date & time ; 04/16/2022 23:06:49 ;
; Main task         ; Compilation         ;
; Revision Name     ; ALU8_with_set_model ;
+-------------------+---------------------+


+-------------------------------------------------------------------------------------------------------------------------------------------------------------------------+
; Flow Non-Default Global Settings                                                                                                                                        ;
+------------------------------------+-------------------------------------------------------------------------------------+---------------+-------------+----------------+
; Assignment Name                    ; Value                                                                               ; Default Value ; Entity Name ; Section Id     ;
+------------------------------------+-------------------------------------------------------------------------------------+---------------+-------------+----------------+
; COMPILER_SIGNATURE_ID              ; 57715610693122.165012160812508                                                      ; --            ; --          ; --             ;
; MAX_CORE_JUNCTION_TEMP             ; 85                                                                                  ; --            ; --          ; --             ;
; MIN_CORE_JUNCTION_TEMP             ; 0                                                                                   ; --            ; --          ; --             ;
; MISC_FILE                          ; D:/JiSuanJiZuZhiYuJieGou/Experiment3/ALU8_with_set_model/ALU8_with_set_model.dpf    ; --            ; --          ; --             ;
; MISC_FILE                          ; D:/JiSuanJiZuZhiYuJieGou/03Experiment3/ALU8_with_set_model/ALU8_with_set_model.dpf  ; --            ; --          ; --             ;
; MISC_FILE                          ; D:/JiSuanJiZuZhiYuJieGou/00WholeMachine/ALU8_with_set_model/ALU8_with_set_model.dpf ; --            ; --          ; --             ;
; PARTITION_COLOR                    ; 16764057                                                                            ; --            ; --          ; Top            ;
; PARTITION_NETLIST_TYPE             ; SOURCE                                                                              ; --            ; --          ; Top            ;
; USE_GENERATED_PHYSICAL_CONSTRAINTS ; Off                                                                                 ; --            ; --          ; eda_blast_fpga ;
+------------------------------------+-------------------------------------------------------------------------------------+---------------+-------------+----------------+


+-----------------------------------------------------------------------------------------------------------------------------+
; Flow Elapsed Time                                                                                                           ;
+-------------------------+--------------+-------------------------+---------------------+------------------------------------+
; Module Name             ; Elapsed Time ; Average Processors Used ; Peak Virtual Memory ; Total CPU Time (on all processors) ;
+-------------------------+--------------+-------------------------+---------------------+------------------------------------+
; Analysis & Synthesis    ; 00:00:01     ; 1.0                     ; 243 MB              ; 00:00:01                           ;
; Fitter                  ; 00:00:02     ; 1.0                     ; 278 MB              ; 00:00:02                           ;
; Assembler               ; 00:00:01     ; 1.0                     ; 242 MB              ; 00:00:01                           ;
; Classic Timing Analyzer ; 00:00:00     ; 1.0                     ; 199 MB              ; 00:00:00                           ;
; Total                   ; 00:00:04     ; --                      ; --                  ; 00:00:04                           ;
+-------------------------+--------------+-------------------------+---------------------+------------------------------------+


+------------------------------------------------------------------------------------------+
; Flow OS Summary                                                                          ;
+-------------------------+------------------+---------------+------------+----------------+
; Module Name             ; Machine Hostname ; OS Name       ; OS Version ; Processor type ;
+-------------------------+------------------+---------------+------------+----------------+
; Analysis & Synthesis    ; LAPTOP-2L510BBE  ; Windows Vista ; 6.2        ; x86_64         ;
; Fitter                  ; LAPTOP-2L510BBE  ; Windows Vista ; 6.2        ; x86_64         ;
; Assembler               ; LAPTOP-2L510BBE  ; Windows Vista ; 6.2        ; x86_64         ;
; Classic Timing Analyzer ; LAPTOP-2L510BBE  ; Windows Vista ; 6.2        ; x86_64         ;
+-------------------------+------------------+---------------+------------+----------------+


------------
; Flow Log ;
------------
quartus_map --read_settings_files=on --write_settings_files=off ALU8_with_set_model -c ALU8_with_set_model
quartus_fit --read_settings_files=off --write_settings_files=off ALU8_with_set_model -c ALU8_with_set_model
quartus_asm --read_settings_files=off --write_settings_files=off ALU8_with_set_model -c ALU8_with_set_model
quartus_tan --read_settings_files=off --write_settings_files=off ALU8_with_set_model -c ALU8_with_set_model --timing_analysis_only



