Analysis & Synthesis report for model_machine
Thu May 19 16:17:41 2022
Quartus II Version 8.1 Build 163 10/28/2008 SJ Web Edition


---------------------
; Table of Contents ;
---------------------
  1. Legal Notice
  2. Analysis & Synthesis Summary
  3. Analysis & Synthesis Settings
  4. Analysis & Synthesis Source Files Read
  5. Analysis & Synthesis Resource Usage Summary
  6. Analysis & Synthesis Resource Utilization by Entity
  7. General Register Statistics
  8. Parameter Settings for User Entity Instance: counter_with_set_8_advanced:inst16|74161:inst2
  9. Parameter Settings for User Entity Instance: counter_with_set_8_advanced:inst16|74161:inst3
 10. Analysis & Synthesis Messages



----------------
; Legal Notice ;
----------------
Copyright (C) 1991-2008 Altera Corporation
Your use of Altera Corporation's design tools, logic functions 
and other software and tools, and its AMPP partner logic 
functions, and any output files from any of the foregoing 
(including device programming or simulation files), and any 
associated documentation or information are expressly subject 
to the terms and conditions of the Altera Program License 
Subscription Agreement, Altera MegaCore Function License 
Agreement, or other applicable license agreement, including, 
without limitation, that your use is for the sole purpose of 
programming logic devices manufactured by Altera and sold by 
Altera or its authorized distributors.  Please refer to the 
applicable agreement for further details.



+------------------------------------------------------------------------------+
; Analysis & Synthesis Summary                                                 ;
+------------------------------------+-----------------------------------------+
; Analysis & Synthesis Status        ; Successful - Thu May 19 16:17:41 2022   ;
; Quartus II Version                 ; 8.1 Build 163 10/28/2008 SJ Web Edition ;
; Revision Name                      ; model_machine                           ;
; Top-level Entity Name              ; model_machine                           ;
; Family                             ; Cyclone II                              ;
; Total logic elements               ; 134                                     ;
;     Total combinational functions  ; 134                                     ;
;     Dedicated logic registers      ; 85                                      ;
; Total registers                    ; 85                                      ;
; Total pins                         ; 89                                      ;
; Total virtual pins                 ; 0                                       ;
; Total memory bits                  ; 0                                       ;
; Embedded Multiplier 9-bit elements ; 0                                       ;
; Total PLLs                         ; 0                                       ;
+------------------------------------+-----------------------------------------+


+----------------------------------------------------------------------------------------------------------+
; Analysis & Synthesis Settings                                                                            ;
+----------------------------------------------------------------+--------------------+--------------------+
; Option                                                         ; Setting            ; Default Value      ;
+----------------------------------------------------------------+--------------------+--------------------+
; Device                                                         ; EP2C8Q208C8        ;                    ;
; Top-level entity name                                          ; model_machine      ; model_machine      ;
; Family name                                                    ; Cyclone II         ; Stratix II         ;
; Use Generated Physical Constraints File                        ; Off                ;                    ;
; Use smart compilation                                          ; Off                ; Off                ;
; Restructure Multiplexers                                       ; Auto               ; Auto               ;
; Create Debugging Nodes for IP Cores                            ; Off                ; Off                ;
; Preserve fewer node names                                      ; On                 ; On                 ;
; Disable OpenCore Plus hardware evaluation                      ; Off                ; Off                ;
; Verilog Version                                                ; Verilog_2001       ; Verilog_2001       ;
; VHDL Version                                                   ; VHDL93             ; VHDL93             ;
; State Machine Processing                                       ; Auto               ; Auto               ;
; Safe State Machine                                             ; Off                ; Off                ;
; Extract Verilog State Machines                                 ; On                 ; On                 ;
; Extract VHDL State Machines                                    ; On                 ; On                 ;
; Ignore Verilog initial constructs                              ; Off                ; Off                ;
; Iteration limit for constant Verilog loops                     ; 5000               ; 5000               ;
; Iteration limit for non-constant Verilog loops                 ; 250                ; 250                ;
; Add Pass-Through Logic to Inferred RAMs                        ; On                 ; On                 ;
; Parallel Synthesis                                             ; Off                ; Off                ;
; DSP Block Balancing                                            ; Auto               ; Auto               ;
; NOT Gate Push-Back                                             ; On                 ; On                 ;
; Power-Up Don't Care                                            ; On                 ; On                 ;
; Remove Redundant Logic Cells                                   ; Off                ; Off                ;
; Remove Duplicate Registers                                     ; On                 ; On                 ;
; Ignore CARRY Buffers                                           ; Off                ; Off                ;
; Ignore CASCADE Buffers                                         ; Off                ; Off                ;
; Ignore GLOBAL Buffers                                          ; Off                ; Off                ;
; Ignore ROW GLOBAL Buffers                                      ; Off                ; Off                ;
; Ignore LCELL Buffers                                           ; Off                ; Off                ;
; Ignore SOFT Buffers                                            ; On                 ; On                 ;
; Limit AHDL Integers to 32 Bits                                 ; Off                ; Off                ;
; Optimization Technique                                         ; Balanced           ; Balanced           ;
; Carry Chain Length                                             ; 70                 ; 70                 ;
; Auto Carry Chains                                              ; On                 ; On                 ;
; Auto Open-Drain Pins                                           ; On                 ; On                 ;
; Perform WYSIWYG Primitive Resynthesis                          ; Off                ; Off                ;
; Perform gate-level register retiming                           ; Off                ; Off                ;
; Allow register retiming to trade off Tsu/Tco with Fmax         ; On                 ; On                 ;
; Auto ROM Replacement                                           ; On                 ; On                 ;
; Auto RAM Replacement                                           ; On                 ; On                 ;
; Auto Shift Register Replacement                                ; Auto               ; Auto               ;
; Auto Clock Enable Replacement                                  ; On                 ; On                 ;
; Strict RAM Replacement                                         ; Off                ; Off                ;
; Allow Synchronous Control Signals                              ; On                 ; On                 ;
; Force Use of Synchronous Clear Signals                         ; Off                ; Off                ;
; Auto RAM to Logic Cell Conversion                              ; Off                ; Off                ;
; Auto Resource Sharing                                          ; Off                ; Off                ;
; Allow Any RAM Size For Recognition                             ; Off                ; Off                ;
; Allow Any ROM Size For Recognition                             ; Off                ; Off                ;
; Allow Any Shift Register Size For Recognition                  ; Off                ; Off                ;
; Use LogicLock Constraints during Resource Balancing            ; On                 ; On                 ;
; Ignore translate_off and synthesis_off directives              ; Off                ; Off                ;
; Show Parameter Settings Tables in Synthesis Report             ; On                 ; On                 ;
; Ignore Maximum Fan-Out Assignments                             ; Off                ; Off                ;
; Synchronization Register Chain Length                          ; 2                  ; 2                  ;
; PowerPlay Power Optimization                                   ; Normal compilation ; Normal compilation ;
; HDL message level                                              ; Level2             ; Level2             ;
; Suppress Register Optimization Related Messages                ; Off                ; Off                ;
; Number of Removed Registers Reported in Synthesis Report       ; 100                ; 100                ;
; Number of Inverted Registers Reported in Synthesis Report      ; 100                ; 100                ;
; Clock MUX Protection                                           ; On                 ; On                 ;
; Auto Gated Clock Conversion                                    ; Off                ; Off                ;
; Block Design Naming                                            ; Auto               ; Auto               ;
; SDC constraint protection                                      ; Off                ; Off                ;
; Synthesis Effort                                               ; Auto               ; Auto               ;
; Allows Asynchronous Clear Usage For Shift Register Replacement ; On                 ; On                 ;
; Analysis & Synthesis Message Level                             ; Medium             ; Medium             ;
+----------------------------------------------------------------+--------------------+--------------------+


+---------------------------------------------------------------------------------------------------------------------------------------------------------------------------+
; Analysis & Synthesis Source Files Read                                                                                                                                    ;
+----------------------------------+-----------------+------------------------------------------+---------------------------------------------------------------------------+
; File Name with User-Entered Path ; Used in Netlist ; File Type                                ; File Name with Absolute Path                                              ;
+----------------------------------+-----------------+------------------------------------------+---------------------------------------------------------------------------+
; model_machine.bdf                ; yes             ; User Block Diagram/Schematic File        ; C:/Users/dell/Desktop/debug/model_machine/model_machine.bdf               ;
; counter_with_set_8_advanced.bdf  ; yes             ; Auto-Found Block Diagram/Schematic File  ; C:/Users/dell/Desktop/debug/model_machine/counter_with_set_8_advanced.bdf ;
; 74161.tdf                        ; yes             ; Megafunction                             ; c:/altera/81/quartus/libraries/others/maxplus2/74161.tdf                  ;
; aglobal.inc                      ; yes             ; Megafunction                             ; c:/altera/81/quartus/libraries/megafunctions/aglobal.inc                  ;
; f74161.bdf                       ; yes             ; Megafunction                             ; c:/altera/81/quartus/libraries/others/maxplus2/f74161.bdf                 ;
; decoder2_4.bdf                   ; yes             ; Auto-Found Block Diagram/Schematic File  ; C:/Users/dell/Desktop/debug/model_machine/decoder2_4.bdf                  ;
; start_and_stop.bdf               ; yes             ; Auto-Found Block Diagram/Schematic File  ; C:/Users/dell/Desktop/debug/model_machine/start_and_stop.bdf              ;
; multiplexer2_1.bdf               ; yes             ; Auto-Found Block Diagram/Schematic File  ; C:/Users/dell/Desktop/debug/model_machine/multiplexer2_1.bdf              ;
; register8_with_clrn.bdf          ; yes             ; Auto-Found Block Diagram/Schematic File  ; C:/Users/dell/Desktop/debug/model_machine/register8_with_clrn.bdf         ;
; decoder3_8.bdf                   ; yes             ; Auto-Found Block Diagram/Schematic File  ; C:/Users/dell/Desktop/debug/model_machine/decoder3_8.bdf                  ;
; ALU8_with_set_model.bdf          ; yes             ; Auto-Found Block Diagram/Schematic File  ; C:/Users/dell/Desktop/debug/model_machine/ALU8_with_set_model.bdf         ;
; 74181.bdf                        ; yes             ; Megafunction                             ; c:/altera/81/quartus/libraries/others/maxplus2/74181.bdf                  ;
; 74182.bdf                        ; yes             ; Megafunction                             ; c:/altera/81/quartus/libraries/others/maxplus2/74182.bdf                  ;
; register8_group4.bdf             ; yes             ; Auto-Found Block Diagram/Schematic File  ; C:/Users/dell/Desktop/debug/model_machine/register8_group4.bdf            ;
; multiplexer4_1.bdf               ; yes             ; Auto-Found Block Diagram/Schematic File  ; C:/Users/dell/Desktop/debug/model_machine/multiplexer4_1.bdf              ;
; register8_with_clrn_tri.bdf      ; yes             ; Auto-Found Block Diagram/Schematic File  ; C:/Users/dell/Desktop/debug/model_machine/register8_with_clrn_tri.bdf     ;
; tri_state_gate_8.bdf             ; yes             ; Auto-Found Block Diagram/Schematic File  ; C:/Users/dell/Desktop/debug/model_machine/tri_state_gate_8.bdf            ;
; counter_with_set_256.bdf         ; yes             ; Auto-Found Block Diagram/Schematic File  ; C:/Users/dell/Desktop/debug/model_machine/counter_with_set_256.bdf        ;
; counter_with_set_16.bdf          ; yes             ; Auto-Found Block Diagram/Schematic File  ; C:/Users/dell/Desktop/debug/model_machine/counter_with_set_16.bdf         ;
; condition_getter.bdf             ; yes             ; Auto-Found Block Diagram/Schematic File  ; C:/Users/dell/Desktop/debug/model_machine/condition_getter.bdf            ;
+----------------------------------+-----------------+------------------------------------------+---------------------------------------------------------------------------+


+-----------------------------------------------------+
; Analysis & Synthesis Resource Usage Summary         ;
+---------------------------------------------+-------+
; Resource                                    ; Usage ;
+---------------------------------------------+-------+
; Estimated Total logic elements              ; 134   ;
;                                             ;       ;
; Total combinational functions               ; 134   ;
; Logic element usage by number of LUT inputs ;       ;
;     -- 4 input functions                    ; 96    ;
;     -- 3 input functions                    ; 20    ;
;     -- <=2 input functions                  ; 18    ;
;                                             ;       ;
; Logic elements by mode                      ;       ;
;     -- normal mode                          ; 134   ;
;     -- arithmetic mode                      ; 0     ;
;                                             ;       ;
; Total registers                             ; 85    ;
;     -- Dedicated logic registers            ; 85    ;
;     -- I/O registers                        ; 0     ;
;                                             ;       ;
; I/O pins                                    ; 89    ;
; Maximum fan-out node                        ; CLRN  ;
; Maximum fan-out                             ; 85    ;
; Total fan-out                               ; 782   ;
; Average fan-out                             ; 2.54  ;
+---------------------------------------------+-------+


+-----------------------------------------------------------------------------------------------------------------------------------------------------------------------------------------------------------------------------------------------+
; Analysis & Synthesis Resource Utilization by Entity                                                                                                                                                                                           ;
+-----------------------------------------+-------------------+--------------+-------------+--------------+---------+-----------+------+--------------+--------------------------------------------------------------------------+--------------+
; Compilation Hierarchy Node              ; LC Combinationals ; LC Registers ; Memory Bits ; DSP Elements ; DSP 9x9 ; DSP 18x18 ; Pins ; Virtual Pins ; Full Hierarchy Name                                                      ; Library Name ;
+-----------------------------------------+-------------------+--------------+-------------+--------------+---------+-----------+------+--------------+--------------------------------------------------------------------------+--------------+
; |model_machine                          ; 134 (8)           ; 85 (0)       ; 0           ; 0            ; 0       ; 0         ; 89   ; 0            ; |model_machine                                                           ; work         ;
;    |ALU8_with_set_model:inst|           ; 25 (0)            ; 0 (0)        ; 0           ; 0            ; 0       ; 0         ; 0    ; 0            ; |model_machine|ALU8_with_set_model:inst                                  ; work         ;
;       |74181:inst1|                     ; 10 (10)           ; 0 (0)        ; 0           ; 0            ; 0       ; 0         ; 0    ; 0            ; |model_machine|ALU8_with_set_model:inst|74181:inst1                      ; work         ;
;       |74181:inst|                      ; 9 (9)             ; 0 (0)        ; 0           ; 0            ; 0       ; 0         ; 0    ; 0            ; |model_machine|ALU8_with_set_model:inst|74181:inst                       ; work         ;
;       |74182:inst2|                     ; 6 (6)             ; 0 (0)        ; 0           ; 0            ; 0       ; 0         ; 0    ; 0            ; |model_machine|ALU8_with_set_model:inst|74182:inst2                      ; work         ;
;    |condition_getter:inst11|            ; 5 (5)             ; 0 (0)        ; 0           ; 0            ; 0       ; 0         ; 0    ; 0            ; |model_machine|condition_getter:inst11                                   ; work         ;
;    |counter_with_set_256:inst6|         ; 8 (0)             ; 8 (0)        ; 0           ; 0            ; 0       ; 0         ; 0    ; 0            ; |model_machine|counter_with_set_256:inst6                                ; work         ;
;       |counter_with_set_16:inst1|       ; 4 (4)             ; 4 (4)        ; 0           ; 0            ; 0       ; 0         ; 0    ; 0            ; |model_machine|counter_with_set_256:inst6|counter_with_set_16:inst1      ; work         ;
;       |counter_with_set_16:inst|        ; 4 (4)             ; 4 (4)        ; 0           ; 0            ; 0       ; 0         ; 0    ; 0            ; |model_machine|counter_with_set_256:inst6|counter_with_set_16:inst       ; work         ;
;    |counter_with_set_8_advanced:inst16| ; 19 (0)            ; 8 (0)        ; 0           ; 0            ; 0       ; 0         ; 0    ; 0            ; |model_machine|counter_with_set_8_advanced:inst16                        ; work         ;
;       |74161:inst2|                     ; 12 (0)            ; 4 (0)        ; 0           ; 0            ; 0       ; 0         ; 0    ; 0            ; |model_machine|counter_with_set_8_advanced:inst16|74161:inst2            ; work         ;
;          |f74161:sub|                   ; 12 (12)           ; 4 (4)        ; 0           ; 0            ; 0       ; 0         ; 0    ; 0            ; |model_machine|counter_with_set_8_advanced:inst16|74161:inst2|f74161:sub ; work         ;
;       |74161:inst3|                     ; 7 (0)             ; 4 (0)        ; 0           ; 0            ; 0       ; 0         ; 0    ; 0            ; |model_machine|counter_with_set_8_advanced:inst16|74161:inst3            ; work         ;
;          |f74161:sub|                   ; 7 (7)             ; 4 (4)        ; 0           ; 0            ; 0       ; 0         ; 0    ; 0            ; |model_machine|counter_with_set_8_advanced:inst16|74161:inst3|f74161:sub ; work         ;
;    |decoder2_4:inst24|                  ; 1 (1)             ; 0 (0)        ; 0           ; 0            ; 0       ; 0         ; 0    ; 0            ; |model_machine|decoder2_4:inst24                                         ; work         ;
;    |multiplexer2_1:inst1|               ; 27 (27)           ; 0 (0)        ; 0           ; 0            ; 0       ; 0         ; 0    ; 0            ; |model_machine|multiplexer2_1:inst1                                      ; work         ;
;    |multiplexer2_1:inst2|               ; 27 (27)           ; 0 (0)        ; 0           ; 0            ; 0       ; 0         ; 0    ; 0            ; |model_machine|multiplexer2_1:inst2                                      ; work         ;
;    |register8_group4:inst5|             ; 5 (5)             ; 32 (0)       ; 0           ; 0            ; 0       ; 0         ; 0    ; 0            ; |model_machine|register8_group4:inst5                                    ; work         ;
;       |register8_with_clrn_tri:inst29|  ; 0 (0)             ; 8 (8)        ; 0           ; 0            ; 0       ; 0         ; 0    ; 0            ; |model_machine|register8_group4:inst5|register8_with_clrn_tri:inst29     ; work         ;
;       |register8_with_clrn_tri:inst30|  ; 0 (0)             ; 8 (8)        ; 0           ; 0            ; 0       ; 0         ; 0    ; 0            ; |model_machine|register8_group4:inst5|register8_with_clrn_tri:inst30     ; work         ;
;       |register8_with_clrn_tri:inst31|  ; 0 (0)             ; 8 (8)        ; 0           ; 0            ; 0       ; 0         ; 0    ; 0            ; |model_machine|register8_group4:inst5|register8_with_clrn_tri:inst31     ; work         ;
;       |register8_with_clrn_tri:inst32|  ; 0 (0)             ; 8 (8)        ; 0           ; 0            ; 0       ; 0         ; 0    ; 0            ; |model_machine|register8_group4:inst5|register8_with_clrn_tri:inst32     ; work         ;
;    |register8_with_clrn:inst10|         ; 0 (0)             ; 8 (8)        ; 0           ; 0            ; 0       ; 0         ; 0    ; 0            ; |model_machine|register8_with_clrn:inst10                                ; work         ;
;    |register8_with_clrn:inst15|         ; 0 (0)             ; 8 (8)        ; 0           ; 0            ; 0       ; 0         ; 0    ; 0            ; |model_machine|register8_with_clrn:inst15                                ; work         ;
;    |register8_with_clrn:inst29|         ; 0 (0)             ; 4 (4)        ; 0           ; 0            ; 0       ; 0         ; 0    ; 0            ; |model_machine|register8_with_clrn:inst29                                ; work         ;
;    |register8_with_clrn:inst38|         ; 0 (0)             ; 8 (8)        ; 0           ; 0            ; 0       ; 0         ; 0    ; 0            ; |model_machine|register8_with_clrn:inst38                                ; work         ;
;    |register8_with_clrn:inst7|          ; 0 (0)             ; 8 (8)        ; 0           ; 0            ; 0       ; 0         ; 0    ; 0            ; |model_machine|register8_with_clrn:inst7                                 ; work         ;
;    |start_and_stop:inst40|              ; 1 (1)             ; 1 (1)        ; 0           ; 0            ; 0       ; 0         ; 0    ; 0            ; |model_machine|start_and_stop:inst40                                     ; work         ;
;    |tri_state_gate_8:inst13|            ; 8 (8)             ; 0 (0)        ; 0           ; 0            ; 0       ; 0         ; 0    ; 0            ; |model_machine|tri_state_gate_8:inst13                                   ; work         ;
+-----------------------------------------+-------------------+--------------+-------------+--------------+---------+-----------+------+--------------+--------------------------------------------------------------------------+--------------+
Note: For table entries with two numbers listed, the numbers in parentheses indicate the number of resources of the given type used by the specific entity alone. The numbers listed outside of parentheses indicate the total resources of the given type used by the specific entity and all of its sub-entities in the hierarchy.


+------------------------------------------------------+
; General Register Statistics                          ;
+----------------------------------------------+-------+
; Statistic                                    ; Value ;
+----------------------------------------------+-------+
; Total registers                              ; 85    ;
; Number of registers using Synchronous Clear  ; 0     ;
; Number of registers using Synchronous Load   ; 0     ;
; Number of registers using Asynchronous Clear ; 85    ;
; Number of registers using Asynchronous Load  ; 0     ;
; Number of registers using Clock Enable       ; 0     ;
; Number of registers using Preset             ; 0     ;
+----------------------------------------------+-------+


+---------------------------------------------------------------------------------------------+
; Parameter Settings for User Entity Instance: counter_with_set_8_advanced:inst16|74161:inst2 ;
+------------------------+------------+-------------------------------------------------------+
; Parameter Name         ; Value      ; Type                                                  ;
+------------------------+------------+-------------------------------------------------------+
; DEVICE_FAMILY          ; Cyclone II ; Untyped                                               ;
; AUTO_CARRY_CHAINS      ; ON         ; AUTO_CARRY                                            ;
; IGNORE_CARRY_BUFFERS   ; OFF        ; IGNORE_CARRY                                          ;
; AUTO_CASCADE_CHAINS    ; ON         ; AUTO_CASCADE                                          ;
; IGNORE_CASCADE_BUFFERS ; OFF        ; IGNORE_CASCADE                                        ;
+------------------------+------------+-------------------------------------------------------+
Note: In order to hide this table in the UI and the text report file, please set the "Show Parameter Settings Tables in Synthesis Report" option in "Analysis and Synthesis Settings -> More Settings" to "Off".


+---------------------------------------------------------------------------------------------+
; Parameter Settings for User Entity Instance: counter_with_set_8_advanced:inst16|74161:inst3 ;
+------------------------+------------+-------------------------------------------------------+
; Parameter Name         ; Value      ; Type                                                  ;
+------------------------+------------+-------------------------------------------------------+
; DEVICE_FAMILY          ; Cyclone II ; Untyped                                               ;
; AUTO_CARRY_CHAINS      ; ON         ; AUTO_CARRY                                            ;
; IGNORE_CARRY_BUFFERS   ; OFF        ; IGNORE_CARRY                                          ;
; AUTO_CASCADE_CHAINS    ; ON         ; AUTO_CASCADE                                          ;
; IGNORE_CASCADE_BUFFERS ; OFF        ; IGNORE_CASCADE                                        ;
+------------------------+------------+-------------------------------------------------------+
Note: In order to hide this table in the UI and the text report file, please set the "Show Parameter Settings Tables in Synthesis Report" option in "Analysis and Synthesis Settings -> More Settings" to "Off".


+-------------------------------+
; Analysis & Synthesis Messages ;
+-------------------------------+
Info: *******************************************************************
Info: Running Quartus II Analysis & Synthesis
    Info: Version 8.1 Build 163 10/28/2008 SJ Web Edition
    Info: Processing started: Thu May 19 16:17:39 2022
Info: Command: quartus_map --read_settings_files=on --write_settings_files=off model_machine -c model_machine
Info: Found 1 design units, including 1 entities, in source file model_machine.bdf
    Info: Found entity 1: model_machine
Info: Elaborating entity "model_machine" for the top level hierarchy
Warning: Pin "8" is missing source
Warning: Pin "9" is missing source
Warning: Pin "10" is missing source
Warning: Pin "11" is missing source
Warning: Pin "12" is missing source
Warning: Pin "13" is missing source
Warning: Pin "14" is missing source
Warning: Pin "15" is missing source
Warning: Pin "16" is missing source
Warning: Pin "17" is missing source
Warning: Pin "18" is missing source
Warning: Pin "19" is missing source
Warning: Pin "20" is missing source
Warning: Pin "21" is missing source
Warning: Pin "22" is missing source
Warning: Pin "23" is missing source
Warning: Using design file counter_with_set_8_advanced.bdf, which is not specified as a design file for the current project, but contains definitions for 1 design units and 1 entities in project
    Info: Found entity 1: counter_with_set_8_advanced
Info: Elaborating entity "counter_with_set_8_advanced" for hierarchy "counter_with_set_8_advanced:inst16"
Info: Elaborating entity "74161" for hierarchy "counter_with_set_8_advanced:inst16|74161:inst2"
Info: Elaborated megafunction instantiation "counter_with_set_8_advanced:inst16|74161:inst2"
Info: Elaborating entity "f74161" for hierarchy "counter_with_set_8_advanced:inst16|74161:inst2|f74161:sub"
Info: Elaborated megafunction instantiation "counter_with_set_8_advanced:inst16|74161:inst2|f74161:sub", which is child of megafunction instantiation "counter_with_set_8_advanced:inst16|74161:inst2"
Info: Elaborating entity "74161" for hierarchy "counter_with_set_8_advanced:inst16|74161:inst3"
Info: Elaborated megafunction instantiation "counter_with_set_8_advanced:inst16|74161:inst3"
Warning: Using design file decoder2_4.bdf, which is not specified as a design file for the current project, but contains definitions for 1 design units and 1 entities in project
    Info: Found entity 1: decoder2_4
Info: Elaborating entity "decoder2_4" for hierarchy "decoder2_4:inst23"
Warning: Using design file start_and_stop.bdf, which is not specified as a design file for the current project, but contains definitions for 1 design units and 1 entities in project
    Info: Found entity 1: start_and_stop
Info: Elaborating entity "start_and_stop" for hierarchy "start_and_stop:inst40"
Warning: Using design file multiplexer2_1.bdf, which is not specified as a design file for the current project, but contains definitions for 1 design units and 1 entities in project
    Info: Found entity 1: multiplexer2_1
Info: Elaborating entity "multiplexer2_1" for hierarchy "multiplexer2_1:inst8"
Warning: Using design file register8_with_clrn.bdf, which is not specified as a design file for the current project, but contains definitions for 1 design units and 1 entities in project
    Info: Found entity 1: register8_with_clrn
Info: Elaborating entity "register8_with_clrn" for hierarchy "register8_with_clrn:inst7"
Warning: Using design file decoder3_8.bdf, which is not specified as a design file for the current project, but contains definitions for 1 design units and 1 entities in project
    Info: Found entity 1: decoder3_8
Info: Elaborating entity "decoder3_8" for hierarchy "decoder3_8:inst32"
Warning: Using design file ALU8_with_set_model.bdf, which is not specified as a design file for the current project, but contains definitions for 1 design units and 1 entities in project
    Info: Found entity 1: ALU8_with_set_model
Info: Elaborating entity "ALU8_with_set_model" for hierarchy "ALU8_with_set_model:inst"
Info: Elaborating entity "74181" for hierarchy "ALU8_with_set_model:inst|74181:inst"
Info: Elaborated megafunction instantiation "ALU8_with_set_model:inst|74181:inst"
Info: Elaborating entity "74182" for hierarchy "ALU8_with_set_model:inst|74182:inst2"
Info: Elaborated megafunction instantiation "ALU8_with_set_model:inst|74182:inst2"
Warning: Using design file register8_group4.bdf, which is not specified as a design file for the current project, but contains definitions for 1 design units and 1 entities in project
    Info: Found entity 1: register8_group4
Info: Elaborating entity "register8_group4" for hierarchy "register8_group4:inst5"
Warning: Using design file multiplexer4_1.bdf, which is not specified as a design file for the current project, but contains definitions for 1 design units and 1 entities in project
    Info: Found entity 1: multiplexer4_1
Info: Elaborating entity "multiplexer4_1" for hierarchy "register8_group4:inst5|multiplexer4_1:inst1"
Warning: Using design file register8_with_clrn_tri.bdf, which is not specified as a design file for the current project, but contains definitions for 1 design units and 1 entities in project
    Info: Found entity 1: register8_with_clrn_tri
Info: Elaborating entity "register8_with_clrn_tri" for hierarchy "register8_group4:inst5|register8_with_clrn_tri:inst29"
Warning: Using design file tri_state_gate_8.bdf, which is not specified as a design file for the current project, but contains definitions for 1 design units and 1 entities in project
    Info: Found entity 1: tri_state_gate_8
Info: Elaborating entity "tri_state_gate_8" for hierarchy "tri_state_gate_8:inst12"
Warning: Using design file counter_with_set_256.bdf, which is not specified as a design file for the current project, but contains definitions for 1 design units and 1 entities in project
    Info: Found entity 1: counter_with_set_256
Info: Elaborating entity "counter_with_set_256" for hierarchy "counter_with_set_256:inst6"
Warning: Using design file counter_with_set_16.bdf, which is not specified as a design file for the current project, but contains definitions for 1 design units and 1 entities in project
    Info: Found entity 1: counter_with_set_16
Info: Elaborating entity "counter_with_set_16" for hierarchy "counter_with_set_256:inst6|counter_with_set_16:inst"
Warning: Using design file condition_getter.bdf, which is not specified as a design file for the current project, but contains definitions for 1 design units and 1 entities in project
    Info: Found entity 1: condition_getter
Info: Elaborating entity "condition_getter" for hierarchy "condition_getter:inst11"
Info: Ignored 38 buffer(s)
    Info: Ignored 8 CARRY buffer(s)
    Info: Ignored 30 SOFT buffer(s)
Warning: Tri-state node(s) do not directly drive top-level pin(s)
    Warning: Converted tri-state buffer "condition_getter:inst11|inst4" feeding internal logic into a wire
    Warning: Converted tri-state buffer "condition_getter:inst11|inst1" feeding internal logic into a wire
    Warning: Converted tri-state buffer "condition_getter:inst11|inst2" feeding internal logic into a wire
    Warning: Converted tri-state buffer "condition_getter:inst11|inst3" feeding internal logic into a wire
    Warning: Converted tri-state buffer "register8_group4:inst5|register8_with_clrn_tri:inst32|inst1" feeding internal logic into a wire
    Warning: Converted tri-state buffer "register8_group4:inst5|register8_with_clrn_tri:inst32|inst2" feeding internal logic into a wire
    Warning: Converted tri-state buffer "register8_group4:inst5|register8_with_clrn_tri:inst32|inst3" feeding internal logic into a wire
    Warning: Converted tri-state buffer "register8_group4:inst5|register8_with_clrn_tri:inst32|inst4" feeding internal logic into a wire
    Warning: Converted tri-state buffer "register8_group4:inst5|register8_with_clrn_tri:inst32|inst5" feeding internal logic into a wire
    Warning: Converted tri-state buffer "register8_group4:inst5|register8_with_clrn_tri:inst32|inst6" feeding internal logic into a wire
    Warning: Converted tri-state buffer "register8_group4:inst5|register8_with_clrn_tri:inst32|inst8" feeding internal logic into a wire
    Warning: Converted tri-state buffer "register8_group4:inst5|register8_with_clrn_tri:inst32|inst10" feeding internal logic into a wire
    Warning: Converted tri-state buffer "register8_group4:inst5|register8_with_clrn_tri:inst31|inst1" feeding internal logic into a wire
    Warning: Converted tri-state buffer "register8_group4:inst5|register8_with_clrn_tri:inst31|inst2" feeding internal logic into a wire
    Warning: Converted tri-state buffer "register8_group4:inst5|register8_with_clrn_tri:inst31|inst3" feeding internal logic into a wire
    Warning: Converted tri-state buffer "register8_group4:inst5|register8_with_clrn_tri:inst31|inst4" feeding internal logic into a wire
    Warning: Converted tri-state buffer "register8_group4:inst5|register8_with_clrn_tri:inst31|inst5" feeding internal logic into a wire
    Warning: Converted tri-state buffer "register8_group4:inst5|register8_with_clrn_tri:inst31|inst6" feeding internal logic into a wire
    Warning: Converted tri-state buffer "register8_group4:inst5|register8_with_clrn_tri:inst31|inst8" feeding internal logic into a wire
    Warning: Converted tri-state buffer "register8_group4:inst5|register8_with_clrn_tri:inst31|inst10" feeding internal logic into a wire
    Warning: Converted tri-state buffer "register8_group4:inst5|register8_with_clrn_tri:inst30|inst1" feeding internal logic into a wire
    Warning: Converted tri-state buffer "register8_group4:inst5|register8_with_clrn_tri:inst30|inst2" feeding internal logic into a wire
    Warning: Converted tri-state buffer "register8_group4:inst5|register8_with_clrn_tri:inst30|inst3" feeding internal logic into a wire
    Warning: Converted tri-state buffer "register8_group4:inst5|register8_with_clrn_tri:inst30|inst4" feeding internal logic into a wire
    Warning: Converted tri-state buffer "register8_group4:inst5|register8_with_clrn_tri:inst30|inst5" feeding internal logic into a wire
    Warning: Converted tri-state buffer "register8_group4:inst5|register8_with_clrn_tri:inst30|inst6" feeding internal logic into a wire
    Warning: Converted tri-state buffer "register8_group4:inst5|register8_with_clrn_tri:inst30|inst8" feeding internal logic into a wire
    Warning: Converted tri-state buffer "register8_group4:inst5|register8_with_clrn_tri:inst30|inst10" feeding internal logic into a wire
    Warning: Converted tri-state buffer "register8_group4:inst5|register8_with_clrn_tri:inst29|inst1" feeding internal logic into a wire
    Warning: Converted tri-state buffer "register8_group4:inst5|register8_with_clrn_tri:inst29|inst2" feeding internal logic into a wire
    Warning: Converted tri-state buffer "register8_group4:inst5|register8_with_clrn_tri:inst29|inst3" feeding internal logic into a wire
    Warning: Converted tri-state buffer "register8_group4:inst5|register8_with_clrn_tri:inst29|inst4" feeding internal logic into a wire
    Warning: Converted tri-state buffer "register8_group4:inst5|register8_with_clrn_tri:inst29|inst5" feeding internal logic into a wire
    Warning: Converted tri-state buffer "register8_group4:inst5|register8_with_clrn_tri:inst29|inst6" feeding internal logic into a wire
    Warning: Converted tri-state buffer "register8_group4:inst5|register8_with_clrn_tri:inst29|inst8" feeding internal logic into a wire
    Warning: Converted tri-state buffer "register8_group4:inst5|register8_with_clrn_tri:inst29|inst10" feeding internal logic into a wire
Warning: Always-enabled tri-state buffer(s) removed
    Warning: Converted the fanout from the always-enabled tri-state buffer "tri_state_gate_8:inst13|inst12" to the node "register8_with_clrn:inst15|inst16" into a wire
    Warning: Converted the fanout from the always-enabled tri-state buffer "tri_state_gate_8:inst13|inst11" to the node "register8_with_clrn:inst15|inst14" into a wire
    Warning: Converted the fanout from the always-enabled tri-state buffer "tri_state_gate_8:inst13|inst9" to the node "register8_with_clrn:inst15|inst15" into a wire
    Warning: Converted the fanout from the always-enabled tri-state buffer "tri_state_gate_8:inst13|inst10" to the node "register8_with_clrn:inst15|inst13" into a wire
    Warning: Converted the fanout from the always-enabled tri-state buffer "tri_state_gate_8:inst13|inst7" to the node "register8_with_clrn:inst15|inst11" into a wire
    Warning: Converted the fanout from the always-enabled tri-state buffer "tri_state_gate_8:inst13|inst8" to the node "register8_with_clrn:inst15|inst9" into a wire
    Warning: Converted the fanout from the always-enabled tri-state buffer "tri_state_gate_8:inst13|inst6" to the node "register8_with_clrn:inst15|inst7" into a wire
    Warning: Converted the fanout from the always-enabled tri-state buffer "tri_state_gate_8:inst13|inst" to the node "register8_with_clrn:inst15|inst" into a wire
Warning: Output pins are stuck at VCC or GND
    Warning (13410): Pin "8" is stuck at GND
    Warning (13410): Pin "9" is stuck at GND
    Warning (13410): Pin "10" is stuck at GND
    Warning (13410): Pin "11" is stuck at GND
    Warning (13410): Pin "12" is stuck at GND
    Warning (13410): Pin "13" is stuck at GND
    Warning (13410): Pin "14" is stuck at GND
    Warning (13410): Pin "15" is stuck at GND
    Warning (13410): Pin "16" is stuck at GND
    Warning (13410): Pin "17" is stuck at GND
    Warning (13410): Pin "18" is stuck at GND
    Warning (13410): Pin "19" is stuck at GND
    Warning (13410): Pin "20" is stuck at GND
    Warning (13410): Pin "21" is stuck at GND
    Warning (13410): Pin "22" is stuck at GND
    Warning (13410): Pin "23" is stuck at GND
Info: Implemented 279 device resources after synthesis - the final resource count might be different
    Info: Implemented 25 input pins
    Info: Implemented 56 output pins
    Info: Implemented 8 bidirectional pins
    Info: Implemented 190 logic cells
Info: Quartus II Analysis & Synthesis was successful. 0 errors, 93 warnings
    Info: Peak virtual memory: 196 megabytes
    Info: Processing ended: Thu May 19 16:17:41 2022
    Info: Elapsed time: 00:00:02
    Info: Total CPU time (on all processors): 00:00:02


