Flow report for model_machine
Wed May 25 19:05:10 2022
Quartus II Version 8.1 Build 163 10/28/2008 SJ Web Edition


---------------------
; Table of Contents ;
---------------------
  1. Legal Notice
  2. Flow Summary
  3. Flow Settings
  4. Flow Non-Default Global Settings
  5. Flow Elapsed Time
  6. Flow OS Summary
  7. Flow Log



----------------
; Legal Notice ;
----------------
Copyright (C) 1991-2008 Altera Corporation
Your use of Altera Corporation's design tools, logic functions 
and other software and tools, and its AMPP partner logic 
functions, and any output files from any of the foregoing 
(including device programming or simulation files), and any 
associated documentation or information are expressly subject 
to the terms and conditions of the Altera Program License 
Subscription Agreement, Altera MegaCore Function License 
Agreement, or other applicable license agreement, including, 
without limitation, that your use is for the sole purpose of 
programming logic devices manufactured by Altera and sold by 
Altera or its authorized distributors.  Please refer to the 
applicable agreement for further details.



+------------------------------------------------------------------------------+
; Flow Summary                                                                 ;
+------------------------------------+-----------------------------------------+
; Flow Status                        ; Successful - Wed May 25 19:05:10 2022   ;
; Quartus II Version                 ; 8.1 Build 163 10/28/2008 SJ Web Edition ;
; Revision Name                      ; model_machine                           ;
; Top-level Entity Name              ; model_machine                           ;
; Family                             ; Cyclone II                              ;
; Device                             ; EP2C8Q208C8                             ;
; Timing Models                      ; Final                                   ;
; Met timing requirements            ; Yes                                     ;
; Total logic elements               ; 196 / 8,256 ( 2 % )                     ;
;     Total combinational functions  ; 181 / 8,256 ( 2 % )                     ;
;     Dedicated logic registers      ; 86 / 8,256 ( 1 % )                      ;
; Total registers                    ; 86                                      ;
; Total pins                         ; 59 / 138 ( 43 % )                       ;
; Total virtual pins                 ; 0                                       ;
; Total memory bits                  ; 0 / 165,888 ( 0 % )                     ;
; Embedded Multiplier 9-bit elements ; 0 / 36 ( 0 % )                          ;
; Total PLLs                         ; 0 / 2 ( 0 % )                           ;
+------------------------------------+-----------------------------------------+


+-----------------------------------------+
; Flow Settings                           ;
+-------------------+---------------------+
; Option            ; Setting             ;
+-------------------+---------------------+
; Start date & time ; 05/25/2022 19:04:59 ;
; Main task         ; Compilation         ;
; Revision Name     ; model_machine       ;
+-------------------+---------------------+


+----------------------------------------------------------------------------------------------------------------------------------------------------------------------+
; Flow Non-Default Global Settings                                                                                                                                     ;
+------------------------------------+----------------------------------------------------------------------------------+---------------+-------------+----------------+
; Assignment Name                    ; Value                                                                            ; Default Value ; Entity Name ; Section Id     ;
+------------------------------------+----------------------------------------------------------------------------------+---------------+-------------+----------------+
; COMPILER_SIGNATURE_ID              ; 57715610693122.165347669901300                                                   ; --            ; --          ; --             ;
; MAX_CORE_JUNCTION_TEMP             ; 85                                                                               ; --            ; --          ; --             ;
; MIN_CORE_JUNCTION_TEMP             ; 0                                                                                ; --            ; --          ; --             ;
; MISC_FILE                          ; D:/JiSuanJiZuZhiYuJieGou/00WholeMachine/model_machine/model_machine.dpf          ; --            ; --          ; --             ;
; MISC_FILE                          ; F:/whole_machile/model_machine/model_machine.dpf                                 ; --            ; --          ; --             ;
; MISC_FILE                          ; C:/Users/dell/Desktop/whole_machile/model_machine/model_machine.dpf              ; --            ; --          ; --             ;
; MISC_FILE                          ; F:/debug/model_machine/model_machine.dpf                                         ; --            ; --          ; --             ;
; MISC_FILE                          ; C:/Users/dell/Desktop/debug/model_machine/model_machine.dpf                      ; --            ; --          ; --             ;
; MISC_FILE                          ; D:/JiSuanJiZuZhiYuJieGou/00WholeMachine/model_machine_advanced/model_machine.dpf ; --            ; --          ; --             ;
; MISC_FILE                          ; C:/Users/dell/Desktop/debug/model_machine_advanced/model_machine.dpf             ; --            ; --          ; --             ;
; PARTITION_COLOR                    ; 16764057                                                                         ; --            ; --          ; Top            ;
; PARTITION_NETLIST_TYPE             ; SOURCE                                                                           ; --            ; --          ; Top            ;
; USE_GENERATED_PHYSICAL_CONSTRAINTS ; Off                                                                              ; --            ; --          ; eda_blast_fpga ;
+------------------------------------+----------------------------------------------------------------------------------+---------------+-------------+----------------+


+-----------------------------------------------------------------------------------------------------------------------------+
; Flow Elapsed Time                                                                                                           ;
+-------------------------+--------------+-------------------------+---------------------+------------------------------------+
; Module Name             ; Elapsed Time ; Average Processors Used ; Peak Virtual Memory ; Total CPU Time (on all processors) ;
+-------------------------+--------------+-------------------------+---------------------+------------------------------------+
; Analysis & Synthesis    ; 00:00:04     ; 1.0                     ; 232 MB              ; 00:00:03                           ;
; Fitter                  ; 00:00:03     ; 1.0                     ; 257 MB              ; 00:00:02                           ;
; Assembler               ; 00:00:01     ; 1.0                     ; 223 MB              ; 00:00:01                           ;
; Classic Timing Analyzer ; 00:00:00     ; 1.0                     ; 180 MB              ; 00:00:00                           ;
; Total                   ; 00:00:08     ; --                      ; --                  ; 00:00:06                           ;
+-------------------------+--------------+-------------------------+---------------------+------------------------------------+


+------------------------------------------------------------------------------------------+
; Flow OS Summary                                                                          ;
+-------------------------+------------------+---------------+------------+----------------+
; Module Name             ; Machine Hostname ; OS Name       ; OS Version ; Processor type ;
+-------------------------+------------------+---------------+------------+----------------+
; Analysis & Synthesis    ; LAPTOP-2L510BBE  ; Windows Vista ; 6.2        ; x86_64         ;
; Fitter                  ; LAPTOP-2L510BBE  ; Windows Vista ; 6.2        ; x86_64         ;
; Assembler               ; LAPTOP-2L510BBE  ; Windows Vista ; 6.2        ; x86_64         ;
; Classic Timing Analyzer ; LAPTOP-2L510BBE  ; Windows Vista ; 6.2        ; x86_64         ;
+-------------------------+------------------+---------------+------------+----------------+


------------
; Flow Log ;
------------
quartus_map --read_settings_files=on --write_settings_files=off model_machine -c model_machine
quartus_fit --read_settings_files=off --write_settings_files=off model_machine -c model_machine
quartus_asm --read_settings_files=off --write_settings_files=off model_machine -c model_machine
quartus_tan --read_settings_files=off --write_settings_files=off model_machine -c model_machine --timing_analysis_only



