Classic Timing Analyzer report for condition_getter
Sun Apr 17 23:09:29 2022
Quartus II Version 8.1 Build 163 10/28/2008 SJ Web Edition


---------------------
; Table of Contents ;
---------------------
  1. Legal Notice
  2. Timing Analyzer Summary
  3. Timing Analyzer Settings
  4. tpd
  5. Timing Analyzer Messages



----------------
; Legal Notice ;
----------------
Copyright (C) 1991-2008 Altera Corporation
Your use of Altera Corporation's design tools, logic functions 
and other software and tools, and its AMPP partner logic 
functions, and any output files from any of the foregoing 
(including device programming or simulation files), and any 
associated documentation or information are expressly subject 
to the terms and conditions of the Altera Program License 
Subscription Agreement, Altera MegaCore Function License 
Agreement, or other applicable license agreement, including, 
without limitation, that your use is for the sole purpose of 
programming logic devices manufactured by Altera and sold by 
Altera or its authorized distributors.  Please refer to the 
applicable agreement for further details.



+-----------------------------------------------------------------------------------------------------------------------+
; Timing Analyzer Summary                                                                                               ;
+------------------------------+-------+---------------+-------------+------+----+------------+----------+--------------+
; Type                         ; Slack ; Required Time ; Actual Time ; From ; To ; From Clock ; To Clock ; Failed Paths ;
+------------------------------+-------+---------------+-------------+------+----+------------+----------+--------------+
; Worst-case tpd               ; N/A   ; None          ; 12.909 ns   ; I3   ; ZF ; --         ; --       ; 0            ;
; Total number of failed paths ;       ;               ;             ;      ;    ;            ;          ; 0            ;
+------------------------------+-------+---------------+-------------+------+----+------------+----------+--------------+


+--------------------------------------------------------------------------------------------------------------------+
; Timing Analyzer Settings                                                                                           ;
+---------------------------------------------------------------------+--------------------+------+----+-------------+
; Option                                                              ; Setting            ; From ; To ; Entity Name ;
+---------------------------------------------------------------------+--------------------+------+----+-------------+
; Device Name                                                         ; EP2C8Q208C8        ;      ;    ;             ;
; Timing Models                                                       ; Final              ;      ;    ;             ;
; Default hold multicycle                                             ; Same as Multicycle ;      ;    ;             ;
; Cut paths between unrelated clock domains                           ; On                 ;      ;    ;             ;
; Cut off read during write signal paths                              ; On                 ;      ;    ;             ;
; Cut off feedback from I/O pins                                      ; On                 ;      ;    ;             ;
; Report Combined Fast/Slow Timing                                    ; Off                ;      ;    ;             ;
; Ignore Clock Settings                                               ; Off                ;      ;    ;             ;
; Analyze latches as synchronous elements                             ; On                 ;      ;    ;             ;
; Enable Recovery/Removal analysis                                    ; Off                ;      ;    ;             ;
; Enable Clock Latency                                                ; Off                ;      ;    ;             ;
; Use TimeQuest Timing Analyzer                                       ; Off                ;      ;    ;             ;
; Minimum Core Junction Temperature                                   ; 0                  ;      ;    ;             ;
; Maximum Core Junction Temperature                                   ; 85                 ;      ;    ;             ;
; Number of source nodes to report per destination node               ; 10                 ;      ;    ;             ;
; Number of destination nodes to report                               ; 10                 ;      ;    ;             ;
; Number of paths to report                                           ; 200                ;      ;    ;             ;
; Report Minimum Timing Checks                                        ; Off                ;      ;    ;             ;
; Use Fast Timing Models                                              ; Off                ;      ;    ;             ;
; Report IO Paths Separately                                          ; Off                ;      ;    ;             ;
; Perform Multicorner Analysis                                        ; On                 ;      ;    ;             ;
; Reports the worst-case path for each clock domain and analysis      ; Off                ;      ;    ;             ;
; Removes common clock path pessimism (CCPP) during slack computation ; Off                ;      ;    ;             ;
; Output I/O Timing Endpoint                                          ; Near End           ;      ;    ;             ;
+---------------------------------------------------------------------+--------------------+------+----+-------------+


+---------------------------------------------------------+
; tpd                                                     ;
+-------+-------------------+-----------------+------+----+
; Slack ; Required P2P Time ; Actual P2P Time ; From ; To ;
+-------+-------------------+-----------------+------+----+
; N/A   ; None              ; 12.909 ns       ; I3   ; ZF ;
; N/A   ; None              ; 12.714 ns       ; I0   ; ZF ;
; N/A   ; None              ; 12.244 ns       ; I4   ; ZF ;
; N/A   ; None              ; 12.161 ns       ; I2   ; ZF ;
; N/A   ; None              ; 11.738 ns       ; A7   ; OF ;
; N/A   ; None              ; 11.694 ns       ; I7   ; ZF ;
; N/A   ; None              ; 11.679 ns       ; I7   ; OF ;
; N/A   ; None              ; 9.746 ns        ; I7   ; SF ;
; N/A   ; None              ; 9.654 ns        ; EN   ; SF ;
; N/A   ; None              ; 9.631 ns        ; EN   ; ZF ;
; N/A   ; None              ; 9.621 ns        ; EN   ; OF ;
; N/A   ; None              ; 9.355 ns        ; I8   ; CF ;
; N/A   ; None              ; 9.227 ns        ; EN   ; CF ;
; N/A   ; None              ; 8.141 ns        ; I5   ; ZF ;
; N/A   ; None              ; 8.079 ns        ; I1   ; ZF ;
; N/A   ; None              ; 7.760 ns        ; I6   ; ZF ;
; N/A   ; None              ; 6.490 ns        ; B7   ; OF ;
+-------+-------------------+-----------------+------+----+


+--------------------------+
; Timing Analyzer Messages ;
+--------------------------+
Info: *******************************************************************
Info: Running Quartus II Classic Timing Analyzer
    Info: Version 8.1 Build 163 10/28/2008 SJ Web Edition
    Info: Processing started: Sun Apr 17 23:09:29 2022
Info: Command: quartus_tan --read_settings_files=off --write_settings_files=off condition_getter -c condition_getter --timing_analysis_only
Info: Longest tpd from source pin "I3" to destination pin "ZF" is 12.909 ns
    Info: 1: + IC(0.000 ns) + CELL(0.995 ns) = 0.995 ns; Loc. = PIN_15; Fanout = 1; PIN Node = 'I3'
    Info: 2: + IC(5.968 ns) + CELL(0.206 ns) = 7.169 ns; Loc. = LCCOMB_X1_Y9_N26; Fanout = 1; COMB Node = 'inst~96'
    Info: 3: + IC(0.691 ns) + CELL(0.534 ns) = 8.394 ns; Loc. = LCCOMB_X1_Y9_N12; Fanout = 1; COMB Node = 'inst'
    Info: 4: + IC(1.409 ns) + CELL(3.106 ns) = 12.909 ns; Loc. = PIN_12; Fanout = 0; PIN Node = 'ZF'
    Info: Total cell delay = 4.841 ns ( 37.50 % )
    Info: Total interconnect delay = 8.068 ns ( 62.50 % )
Info: Quartus II Classic Timing Analyzer was successful. 0 errors, 0 warnings
    Info: Peak virtual memory: 213 megabytes
    Info: Processing ended: Sun Apr 17 23:09:29 2022
    Info: Elapsed time: 00:00:00
    Info: Total CPU time (on all processors): 00:00:00


