Classic Timing Analyzer report for AND2_8
Sat May 21 20:42:28 2022
Quartus II Version 8.1 Build 163 10/28/2008 SJ Web Edition


---------------------
; Table of Contents ;
---------------------
  1. Legal Notice
  2. Timing Analyzer Summary
  3. Timing Analyzer Settings
  4. tpd
  5. Timing Analyzer Messages



----------------
; Legal Notice ;
----------------
Copyright (C) 1991-2008 Altera Corporation
Your use of Altera Corporation's design tools, logic functions 
and other software and tools, and its AMPP partner logic 
functions, and any output files from any of the foregoing 
(including device programming or simulation files), and any 
associated documentation or information are expressly subject 
to the terms and conditions of the Altera Program License 
Subscription Agreement, Altera MegaCore Function License 
Agreement, or other applicable license agreement, including, 
without limitation, that your use is for the sole purpose of 
programming logic devices manufactured by Altera and sold by 
Altera or its authorized distributors.  Please refer to the 
applicable agreement for further details.



+-----------------------------------------------------------------------------------------------------------------------+
; Timing Analyzer Summary                                                                                               ;
+------------------------------+-------+---------------+-------------+------+----+------------+----------+--------------+
; Type                         ; Slack ; Required Time ; Actual Time ; From ; To ; From Clock ; To Clock ; Failed Paths ;
+------------------------------+-------+---------------+-------------+------+----+------------+----------+--------------+
; Worst-case tpd               ; N/A   ; None          ; 14.374 ns   ; I7   ; O7 ; --         ; --       ; 0            ;
; Total number of failed paths ;       ;               ;             ;      ;    ;            ;          ; 0            ;
+------------------------------+-------+---------------+-------------+------+----+------------+----------+--------------+


+--------------------------------------------------------------------------------------------------------------------+
; Timing Analyzer Settings                                                                                           ;
+---------------------------------------------------------------------+--------------------+------+----+-------------+
; Option                                                              ; Setting            ; From ; To ; Entity Name ;
+---------------------------------------------------------------------+--------------------+------+----+-------------+
; Device Name                                                         ; EP2C8Q208C8        ;      ;    ;             ;
; Timing Models                                                       ; Final              ;      ;    ;             ;
; Default hold multicycle                                             ; Same as Multicycle ;      ;    ;             ;
; Cut paths between unrelated clock domains                           ; On                 ;      ;    ;             ;
; Cut off read during write signal paths                              ; On                 ;      ;    ;             ;
; Cut off feedback from I/O pins                                      ; On                 ;      ;    ;             ;
; Report Combined Fast/Slow Timing                                    ; Off                ;      ;    ;             ;
; Ignore Clock Settings                                               ; Off                ;      ;    ;             ;
; Analyze latches as synchronous elements                             ; On                 ;      ;    ;             ;
; Enable Recovery/Removal analysis                                    ; Off                ;      ;    ;             ;
; Enable Clock Latency                                                ; Off                ;      ;    ;             ;
; Use TimeQuest Timing Analyzer                                       ; Off                ;      ;    ;             ;
; Minimum Core Junction Temperature                                   ; 0                  ;      ;    ;             ;
; Maximum Core Junction Temperature                                   ; 85                 ;      ;    ;             ;
; Number of source nodes to report per destination node               ; 10                 ;      ;    ;             ;
; Number of destination nodes to report                               ; 10                 ;      ;    ;             ;
; Number of paths to report                                           ; 200                ;      ;    ;             ;
; Report Minimum Timing Checks                                        ; Off                ;      ;    ;             ;
; Use Fast Timing Models                                              ; Off                ;      ;    ;             ;
; Report IO Paths Separately                                          ; Off                ;      ;    ;             ;
; Perform Multicorner Analysis                                        ; On                 ;      ;    ;             ;
; Reports the worst-case path for each clock domain and analysis      ; Off                ;      ;    ;             ;
; Removes common clock path pessimism (CCPP) during slack computation ; Off                ;      ;    ;             ;
; Output I/O Timing Endpoint                                          ; Near End           ;      ;    ;             ;
+---------------------------------------------------------------------+--------------------+------+----+-------------+


+---------------------------------------------------------+
; tpd                                                     ;
+-------+-------------------+-----------------+------+----+
; Slack ; Required P2P Time ; Actual P2P Time ; From ; To ;
+-------+-------------------+-----------------+------+----+
; N/A   ; None              ; 14.374 ns       ; I7   ; O7 ;
; N/A   ; None              ; 14.342 ns       ; D5   ; O7 ;
; N/A   ; None              ; 12.230 ns       ; D5   ; O1 ;
; N/A   ; None              ; 12.028 ns       ; D5   ; O0 ;
; N/A   ; None              ; 11.848 ns       ; D5   ; O6 ;
; N/A   ; None              ; 11.840 ns       ; D5   ; O2 ;
; N/A   ; None              ; 11.839 ns       ; D5   ; O5 ;
; N/A   ; None              ; 11.824 ns       ; D5   ; O3 ;
; N/A   ; None              ; 11.412 ns       ; D5   ; O4 ;
; N/A   ; None              ; 11.191 ns       ; I5   ; O5 ;
; N/A   ; None              ; 11.163 ns       ; I6   ; O6 ;
; N/A   ; None              ; 10.522 ns       ; I4   ; O4 ;
; N/A   ; None              ; 7.277 ns        ; I1   ; O1 ;
; N/A   ; None              ; 7.084 ns        ; I0   ; O0 ;
; N/A   ; None              ; 6.987 ns        ; I3   ; O3 ;
; N/A   ; None              ; 6.938 ns        ; I2   ; O2 ;
+-------+-------------------+-----------------+------+----+


+--------------------------+
; Timing Analyzer Messages ;
+--------------------------+
Info: *******************************************************************
Info: Running Quartus II Classic Timing Analyzer
    Info: Version 8.1 Build 163 10/28/2008 SJ Web Edition
    Info: Processing started: Sat May 21 20:42:27 2022
Info: Command: quartus_tan --read_settings_files=off --write_settings_files=off AND2_8 -c AND2_8 --timing_analysis_only
Info: Longest tpd from source pin "I7" to destination pin "O7" is 14.374 ns
    Info: 1: + IC(0.000 ns) + CELL(0.995 ns) = 0.995 ns; Loc. = PIN_115; Fanout = 1; PIN Node = 'I7'
    Info: 2: + IC(6.823 ns) + CELL(0.370 ns) = 8.188 ns; Loc. = LCCOMB_X1_Y5_N16; Fanout = 1; COMB Node = 'inst'
    Info: 3: + IC(2.930 ns) + CELL(3.256 ns) = 14.374 ns; Loc. = PIN_74; Fanout = 0; PIN Node = 'O7'
    Info: Total cell delay = 4.621 ns ( 32.15 % )
    Info: Total interconnect delay = 9.753 ns ( 67.85 % )
Info: Quartus II Classic Timing Analyzer was successful. 0 errors, 0 warnings
    Info: Peak virtual memory: 156 megabytes
    Info: Processing ended: Sat May 21 20:42:28 2022
    Info: Elapsed time: 00:00:01
    Info: Total CPU time (on all processors): 00:00:01


