Flow report for counter_8
Tue Mar 15 23:46:45 2022
Quartus II Version 8.1 Build 163 10/28/2008 SJ Web Edition


---------------------
; Table of Contents ;
---------------------
  1. Legal Notice
  2. Flow Summary
  3. Flow Settings
  4. Flow Non-Default Global Settings
  5. Flow Elapsed Time
  6. Flow OS Summary
  7. Flow Log



----------------
; Legal Notice ;
----------------
Copyright (C) 1991-2008 Altera Corporation
Your use of Altera Corporation's design tools, logic functions 
and other software and tools, and its AMPP partner logic 
functions, and any output files from any of the foregoing 
(including device programming or simulation files), and any 
associated documentation or information are expressly subject 
to the terms and conditions of the Altera Program License 
Subscription Agreement, Altera MegaCore Function License 
Agreement, or other applicable license agreement, including, 
without limitation, that your use is for the sole purpose of 
programming logic devices manufactured by Altera and sold by 
Altera or its authorized distributors.  Please refer to the 
applicable agreement for further details.



+------------------------------------------------------------------------------+
; Flow Summary                                                                 ;
+------------------------------------+-----------------------------------------+
; Flow Status                        ; Successful - Tue Mar 15 23:46:45 2022   ;
; Quartus II Version                 ; 8.1 Build 163 10/28/2008 SJ Web Edition ;
; Revision Name                      ; counter_8                               ;
; Top-level Entity Name              ; counter_8                               ;
; Family                             ; Cyclone II                              ;
; Device                             ; EP2C8Q208C8                             ;
; Timing Models                      ; Final                                   ;
; Met timing requirements            ; No                                      ;
; Total logic elements               ; 8 / 8,256 ( < 1 % )                     ;
;     Total combinational functions  ; 8 / 8,256 ( < 1 % )                     ;
;     Dedicated logic registers      ; 3 / 8,256 ( < 1 % )                     ;
; Total registers                    ; 3                                       ;
; Total pins                         ; 6 / 138 ( 4 % )                         ;
; Total virtual pins                 ; 0                                       ;
; Total memory bits                  ; 0 / 165,888 ( 0 % )                     ;
; Embedded Multiplier 9-bit elements ; 0 / 36 ( 0 % )                          ;
; Total PLLs                         ; 0 / 2 ( 0 % )                           ;
+------------------------------------+-----------------------------------------+


+-----------------------------------------+
; Flow Settings                           ;
+-------------------+---------------------+
; Option            ; Setting             ;
+-------------------+---------------------+
; Start date & time ; 03/15/2022 23:46:39 ;
; Main task         ; Compilation         ;
; Revision Name     ; counter_8           ;
+-------------------+---------------------+


+----------------------------------------------------------------------------------------------------------------------------------------------------+
; Flow Non-Default Global Settings                                                                                                                   ;
+--------------------------------------+--------------------------------------------------------------+---------------+-------------+----------------+
; Assignment Name                      ; Value                                                        ; Default Value ; Entity Name ; Section Id     ;
+--------------------------------------+--------------------------------------------------------------+---------------+-------------+----------------+
; COMPILER_SIGNATURE_ID                ; 57715610693122.164735919911508                               ; --            ; --          ; --             ;
; EDA_DESIGN_INSTANCE_NAME             ; counter_8                                                    ; --            ; --          ; --             ;
; EDA_NATIVELINK_SIMULATION_TEST_BENCH ; counter_8                                                    ; --            ; --          ; eda_simulation ;
; EDA_OUTPUT_DATA_FORMAT               ; Vhdl                                                         ; --            ; --          ; eda_simulation ;
; EDA_SIMULATION_TOOL                  ; ModelSim (VHDL)                                              ; <None>        ; --          ; --             ;
; EDA_TEST_BENCH_ENABLE_STATUS         ; NOT_USED                                                     ; --            ; --          ; eda_simulation ;
; EDA_TEST_BENCH_FILE                  ; simulation/modelsim/counter_8.vht                            ; --            ; --          ; --             ;
; EDA_TEST_BENCH_MODULE_NAME           ; tb                                                           ; --            ; --          ; --             ;
; EDA_TEST_BENCH_NAME                  ; counter_8                                                    ; --            ; --          ; eda_simulation ;
; MAX_CORE_JUNCTION_TEMP               ; 85                                                           ; --            ; --          ; --             ;
; MIN_CORE_JUNCTION_TEMP               ; 0                                                            ; --            ; --          ; --             ;
; MISC_FILE                            ; D:/JiSuanJiZuZhiYuJieGou/Experiment2/counter_8/counter_8.dpf ; --            ; --          ; --             ;
; PARTITION_COLOR                      ; 16764057                                                     ; --            ; --          ; Top            ;
; PARTITION_NETLIST_TYPE               ; SOURCE                                                       ; --            ; --          ; Top            ;
; USE_GENERATED_PHYSICAL_CONSTRAINTS   ; Off                                                          ; --            ; --          ; eda_blast_fpga ;
+--------------------------------------+--------------------------------------------------------------+---------------+-------------+----------------+


+-----------------------------------------------------------------------------------------------------------------------------+
; Flow Elapsed Time                                                                                                           ;
+-------------------------+--------------+-------------------------+---------------------+------------------------------------+
; Module Name             ; Elapsed Time ; Average Processors Used ; Peak Virtual Memory ; Total CPU Time (on all processors) ;
+-------------------------+--------------+-------------------------+---------------------+------------------------------------+
; Analysis & Synthesis    ; 00:00:01     ; 1.0                     ; 245 MB              ; 00:00:00                           ;
; Fitter                  ; 00:00:02     ; 1.0                     ; 277 MB              ; 00:00:01                           ;
; Assembler               ; 00:00:00     ; 1.0                     ; 244 MB              ; 00:00:01                           ;
; Classic Timing Analyzer ; 00:00:00     ; 1.0                     ; 198 MB              ; 00:00:00                           ;
; EDA Netlist Writer      ; 00:00:00     ; 1.0                     ; 184 MB              ; 00:00:00                           ;
; Total                   ; 00:00:03     ; --                      ; --                  ; 00:00:02                           ;
+-------------------------+--------------+-------------------------+---------------------+------------------------------------+


+------------------------------------------------------------------------------------------+
; Flow OS Summary                                                                          ;
+-------------------------+------------------+---------------+------------+----------------+
; Module Name             ; Machine Hostname ; OS Name       ; OS Version ; Processor type ;
+-------------------------+------------------+---------------+------------+----------------+
; Analysis & Synthesis    ; LAPTOP-2L510BBE  ; Windows Vista ; 6.2        ; x86_64         ;
; Fitter                  ; LAPTOP-2L510BBE  ; Windows Vista ; 6.2        ; x86_64         ;
; Assembler               ; LAPTOP-2L510BBE  ; Windows Vista ; 6.2        ; x86_64         ;
; Classic Timing Analyzer ; LAPTOP-2L510BBE  ; Windows Vista ; 6.2        ; x86_64         ;
; EDA Netlist Writer      ; LAPTOP-2L510BBE  ; Windows Vista ; 6.2        ; x86_64         ;
+-------------------------+------------------+---------------+------------+----------------+


------------
; Flow Log ;
------------
quartus_map --read_settings_files=on --write_settings_files=off counter_8 -c counter_8
quartus_fit --read_settings_files=off --write_settings_files=off counter_8 -c counter_8
quartus_asm --read_settings_files=off --write_settings_files=off counter_8 -c counter_8
quartus_tan --read_settings_files=off --write_settings_files=off counter_8 -c counter_8 --timing_analysis_only
quartus_eda --read_settings_files=off --write_settings_files=off counter_8 -c counter_8



