EDA Netlist Writer report for counter_8
Tue Mar 15 23:46:45 2022
Quartus II Version 8.1 Build 163 10/28/2008 SJ Web Edition


---------------------
; Table of Contents ;
---------------------
  1. Legal Notice
  2. EDA Netlist Writer Summary
  3. Simulation Settings
  4. Simulation Generated Files
  5. EDA Netlist Writer Messages



----------------
; Legal Notice ;
----------------
Copyright (C) 1991-2008 Altera Corporation
Your use of Altera Corporation's design tools, logic functions 
and other software and tools, and its AMPP partner logic 
functions, and any output files from any of the foregoing 
(including device programming or simulation files), and any 
associated documentation or information are expressly subject 
to the terms and conditions of the Altera Program License 
Subscription Agreement, Altera MegaCore Function License 
Agreement, or other applicable license agreement, including, 
without limitation, that your use is for the sole purpose of 
programming logic devices manufactured by Altera and sold by 
Altera or its authorized distributors.  Please refer to the 
applicable agreement for further details.



+-------------------------------------------------------------------+
; EDA Netlist Writer Summary                                        ;
+---------------------------+---------------------------------------+
; EDA Netlist Writer Status ; Successful - Tue Mar 15 23:46:45 2022 ;
; Revision Name             ; counter_8                             ;
; Top-level Entity Name     ; counter_8                             ;
; Family                    ; Cyclone II                            ;
; Simulation Files Creation ; Successful                            ;
+---------------------------+---------------------------------------+


+--------------------------------------------------------------------------------------------------------------+
; Simulation Settings                                                                                          ;
+--------------------------------------------------------------------------------------------+-----------------+
; Option                                                                                     ; Setting         ;
+--------------------------------------------------------------------------------------------+-----------------+
; Tool Name                                                                                  ; ModelSim (VHDL) ;
; Generate netlist for functional simulation only                                            ; Off             ;
; Time scale                                                                                 ; 1 ps            ;
; Truncate long hierarchy paths                                                              ; Off             ;
; Map illegal HDL characters                                                                 ; Off             ;
; Flatten buses into individual nodes                                                        ; Off             ;
; Maintain hierarchy                                                                         ; Off             ;
; Bring out device-wide set/reset signals as ports                                           ; Off             ;
; Enable glitch filtering                                                                    ; Off             ;
; Do not write top level VHDL entity                                                         ; Off             ;
; Disable setup and hold time violations detection in input registers of bi-directional pins ; Off             ;
; Architecture name in VHDL output netlist                                                   ; structure       ;
+--------------------------------------------------------------------------------------------+-----------------+


+--------------------------------------------------------------------------------------+
; Simulation Generated Files                                                           ;
+--------------------------------------------------------------------------------------+
; Generated Files                                                                      ;
+--------------------------------------------------------------------------------------+
; D:/JiSuanJiZuZhiYuJieGou/Experiment2/counter_8/simulation/modelsim/counter_8.vho     ;
; D:/JiSuanJiZuZhiYuJieGou/Experiment2/counter_8/simulation/modelsim/counter_8_vhd.sdo ;
+--------------------------------------------------------------------------------------+


+-----------------------------+
; EDA Netlist Writer Messages ;
+-----------------------------+
Info: *******************************************************************
Info: Running Quartus II EDA Netlist Writer
    Info: Version 8.1 Build 163 10/28/2008 SJ Web Edition
    Info: Processing started: Tue Mar 15 23:46:45 2022
Info: Command: quartus_eda --read_settings_files=off --write_settings_files=off counter_8 -c counter_8
Info: Generated files "counter_8.vho" and "counter_8_vhd.sdo" in directory "D:/JiSuanJiZuZhiYuJieGou/Experiment2/counter_8/simulation/modelsim/" for EDA simulation tool
Info: Quartus II EDA Netlist Writer was successful. 0 errors, 0 warnings
    Info: Peak virtual memory: 190 megabytes
    Info: Processing ended: Tue Mar 15 23:46:45 2022
    Info: Elapsed time: 00:00:00
    Info: Total CPU time (on all processors): 00:00:00


