Analysis & Synthesis report for fetch_system
Thu Mar 31 19:31:07 2022
Quartus II Version 8.1 Build 163 10/28/2008 SJ Web Edition


---------------------
; Table of Contents ;
---------------------
  1. Legal Notice
  2. Analysis & Synthesis Summary
  3. Analysis & Synthesis Settings
  4. Analysis & Synthesis Source Files Read
  5. Analysis & Synthesis Resource Usage Summary
  6. Analysis & Synthesis Resource Utilization by Entity
  7. Registers Removed During Synthesis
  8. Removed Registers Triggering Further Register Optimizations
  9. General Register Statistics
 10. Analysis & Synthesis Messages



----------------
; Legal Notice ;
----------------
Copyright (C) 1991-2008 Altera Corporation
Your use of Altera Corporation's design tools, logic functions 
and other software and tools, and its AMPP partner logic 
functions, and any output files from any of the foregoing 
(including device programming or simulation files), and any 
associated documentation or information are expressly subject 
to the terms and conditions of the Altera Program License 
Subscription Agreement, Altera MegaCore Function License 
Agreement, or other applicable license agreement, including, 
without limitation, that your use is for the sole purpose of 
programming logic devices manufactured by Altera and sold by 
Altera or its authorized distributors.  Please refer to the 
applicable agreement for further details.



+------------------------------------------------------------------------------+
; Analysis & Synthesis Summary                                                 ;
+------------------------------------+-----------------------------------------+
; Analysis & Synthesis Status        ; Successful - Thu Mar 31 19:31:07 2022   ;
; Quartus II Version                 ; 8.1 Build 163 10/28/2008 SJ Web Edition ;
; Revision Name                      ; fetch_system                            ;
; Top-level Entity Name              ; fetch_system                            ;
; Family                             ; Cyclone II                              ;
; Total logic elements               ; 59                                      ;
;     Total combinational functions  ; 59                                      ;
;     Dedicated logic registers      ; 28                                      ;
; Total registers                    ; 28                                      ;
; Total pins                         ; 48                                      ;
; Total virtual pins                 ; 0                                       ;
; Total memory bits                  ; 0                                       ;
; Embedded Multiplier 9-bit elements ; 0                                       ;
; Total PLLs                         ; 0                                       ;
+------------------------------------+-----------------------------------------+


+----------------------------------------------------------------------------------------------------------+
; Analysis & Synthesis Settings                                                                            ;
+----------------------------------------------------------------+--------------------+--------------------+
; Option                                                         ; Setting            ; Default Value      ;
+----------------------------------------------------------------+--------------------+--------------------+
; Device                                                         ; EP2C8Q208C8        ;                    ;
; Top-level entity name                                          ; fetch_system       ; fetch_system       ;
; Family name                                                    ; Cyclone II         ; Stratix II         ;
; Use Generated Physical Constraints File                        ; Off                ;                    ;
; Use smart compilation                                          ; Off                ; Off                ;
; Restructure Multiplexers                                       ; Auto               ; Auto               ;
; Create Debugging Nodes for IP Cores                            ; Off                ; Off                ;
; Preserve fewer node names                                      ; On                 ; On                 ;
; Disable OpenCore Plus hardware evaluation                      ; Off                ; Off                ;
; Verilog Version                                                ; Verilog_2001       ; Verilog_2001       ;
; VHDL Version                                                   ; VHDL93             ; VHDL93             ;
; State Machine Processing                                       ; Auto               ; Auto               ;
; Safe State Machine                                             ; Off                ; Off                ;
; Extract Verilog State Machines                                 ; On                 ; On                 ;
; Extract VHDL State Machines                                    ; On                 ; On                 ;
; Ignore Verilog initial constructs                              ; Off                ; Off                ;
; Iteration limit for constant Verilog loops                     ; 5000               ; 5000               ;
; Iteration limit for non-constant Verilog loops                 ; 250                ; 250                ;
; Add Pass-Through Logic to Inferred RAMs                        ; On                 ; On                 ;
; Parallel Synthesis                                             ; Off                ; Off                ;
; DSP Block Balancing                                            ; Auto               ; Auto               ;
; NOT Gate Push-Back                                             ; On                 ; On                 ;
; Power-Up Don't Care                                            ; On                 ; On                 ;
; Remove Redundant Logic Cells                                   ; Off                ; Off                ;
; Remove Duplicate Registers                                     ; On                 ; On                 ;
; Ignore CARRY Buffers                                           ; Off                ; Off                ;
; Ignore CASCADE Buffers                                         ; Off                ; Off                ;
; Ignore GLOBAL Buffers                                          ; Off                ; Off                ;
; Ignore ROW GLOBAL Buffers                                      ; Off                ; Off                ;
; Ignore LCELL Buffers                                           ; Off                ; Off                ;
; Ignore SOFT Buffers                                            ; On                 ; On                 ;
; Limit AHDL Integers to 32 Bits                                 ; Off                ; Off                ;
; Optimization Technique                                         ; Balanced           ; Balanced           ;
; Carry Chain Length                                             ; 70                 ; 70                 ;
; Auto Carry Chains                                              ; On                 ; On                 ;
; Auto Open-Drain Pins                                           ; On                 ; On                 ;
; Perform WYSIWYG Primitive Resynthesis                          ; Off                ; Off                ;
; Perform gate-level register retiming                           ; Off                ; Off                ;
; Allow register retiming to trade off Tsu/Tco with Fmax         ; On                 ; On                 ;
; Auto ROM Replacement                                           ; On                 ; On                 ;
; Auto RAM Replacement                                           ; On                 ; On                 ;
; Auto Shift Register Replacement                                ; Auto               ; Auto               ;
; Auto Clock Enable Replacement                                  ; On                 ; On                 ;
; Strict RAM Replacement                                         ; Off                ; Off                ;
; Allow Synchronous Control Signals                              ; On                 ; On                 ;
; Force Use of Synchronous Clear Signals                         ; Off                ; Off                ;
; Auto RAM to Logic Cell Conversion                              ; Off                ; Off                ;
; Auto Resource Sharing                                          ; Off                ; Off                ;
; Allow Any RAM Size For Recognition                             ; Off                ; Off                ;
; Allow Any ROM Size For Recognition                             ; Off                ; Off                ;
; Allow Any Shift Register Size For Recognition                  ; Off                ; Off                ;
; Use LogicLock Constraints during Resource Balancing            ; On                 ; On                 ;
; Ignore translate_off and synthesis_off directives              ; Off                ; Off                ;
; Show Parameter Settings Tables in Synthesis Report             ; On                 ; On                 ;
; Ignore Maximum Fan-Out Assignments                             ; Off                ; Off                ;
; Synchronization Register Chain Length                          ; 2                  ; 2                  ;
; PowerPlay Power Optimization                                   ; Normal compilation ; Normal compilation ;
; HDL message level                                              ; Level2             ; Level2             ;
; Suppress Register Optimization Related Messages                ; Off                ; Off                ;
; Number of Removed Registers Reported in Synthesis Report       ; 100                ; 100                ;
; Number of Inverted Registers Reported in Synthesis Report      ; 100                ; 100                ;
; Clock MUX Protection                                           ; On                 ; On                 ;
; Auto Gated Clock Conversion                                    ; Off                ; Off                ;
; Block Design Naming                                            ; Auto               ; Auto               ;
; SDC constraint protection                                      ; Off                ; Off                ;
; Synthesis Effort                                               ; Auto               ; Auto               ;
; Allows Asynchronous Clear Usage For Shift Register Replacement ; On                 ; On                 ;
; Analysis & Synthesis Message Level                             ; Medium             ; Medium             ;
+----------------------------------------------------------------+--------------------+--------------------+


+-------------------------------------------------------------------------------------------------------------------------------------------------------------------------------+
; Analysis & Synthesis Source Files Read                                                                                                                                        ;
+----------------------------------+-----------------+------------------------------------------+-------------------------------------------------------------------------------+
; File Name with User-Entered Path ; Used in Netlist ; File Type                                ; File Name with Absolute Path                                                  ;
+----------------------------------+-----------------+------------------------------------------+-------------------------------------------------------------------------------+
; fetch_system.bdf                 ; yes             ; User Block Diagram/Schematic File        ; D:/JiSuanJiZuZhiYuJieGou/Experiment4/fetch_system/fetch_system.bdf            ;
; multiplexer2_1.bdf               ; yes             ; Auto-Found Block Diagram/Schematic File  ; D:/JiSuanJiZuZhiYuJieGou/Experiment4/fetch_system/multiplexer2_1.bdf          ;
; register8_with_clrn.bdf          ; yes             ; Auto-Found Block Diagram/Schematic File  ; D:/JiSuanJiZuZhiYuJieGou/Experiment4/fetch_system/register8_with_clrn.bdf     ;
; counter_with_set_256.bdf         ; yes             ; Auto-Found Block Diagram/Schematic File  ; D:/JiSuanJiZuZhiYuJieGou/Experiment4/fetch_system/counter_with_set_256.bdf    ;
; counter_with_set_16.bdf          ; yes             ; Auto-Found Block Diagram/Schematic File  ; D:/JiSuanJiZuZhiYuJieGou/Experiment4/fetch_system/counter_with_set_16.bdf     ;
; register8_with_clrn_tri.bdf      ; yes             ; Auto-Found Block Diagram/Schematic File  ; D:/JiSuanJiZuZhiYuJieGou/Experiment4/fetch_system/register8_with_clrn_tri.bdf ;
+----------------------------------+-----------------+------------------------------------------+-------------------------------------------------------------------------------+


+-------------------------------------------------------+
; Analysis & Synthesis Resource Usage Summary           ;
+---------------------------------------------+---------+
; Resource                                    ; Usage   ;
+---------------------------------------------+---------+
; Estimated Total logic elements              ; 59      ;
;                                             ;         ;
; Total combinational functions               ; 59      ;
; Logic element usage by number of LUT inputs ;         ;
;     -- 4 input functions                    ; 14      ;
;     -- 3 input functions                    ; 8       ;
;     -- <=2 input functions                  ; 37      ;
;                                             ;         ;
; Logic elements by mode                      ;         ;
;     -- normal mode                          ; 59      ;
;     -- arithmetic mode                      ; 0       ;
;                                             ;         ;
; Total registers                             ; 28      ;
;     -- Dedicated logic registers            ; 28      ;
;     -- I/O registers                        ; 0       ;
;                                             ;         ;
; I/O pins                                    ; 48      ;
; Maximum fan-out node                        ; ROMCLRN ;
; Maximum fan-out                             ; 24      ;
; Total fan-out                               ; 262     ;
; Average fan-out                             ; 1.94    ;
+---------------------------------------------+---------+


+------------------------------------------------------------------------------------------------------------------------------------------------------------------------------------------------------------------------------------+
; Analysis & Synthesis Resource Utilization by Entity                                                                                                                                                                                ;
+------------------------------------+-------------------+--------------+-------------+--------------+---------+-----------+------+--------------+--------------------------------------------------------------------+--------------+
; Compilation Hierarchy Node         ; LC Combinationals ; LC Registers ; Memory Bits ; DSP Elements ; DSP 9x9 ; DSP 18x18 ; Pins ; Virtual Pins ; Full Hierarchy Name                                                ; Library Name ;
+------------------------------------+-------------------+--------------+-------------+--------------+---------+-----------+------+--------------+--------------------------------------------------------------------+--------------+
; |fetch_system                      ; 59 (3)            ; 28 (0)       ; 0           ; 0            ; 0       ; 0         ; 48   ; 0            ; |fetch_system                                                      ; work         ;
;    |counter_with_set_256:inst6|    ; 40 (0)            ; 8 (0)        ; 0           ; 0            ; 0       ; 0         ; 0    ; 0            ; |fetch_system|counter_with_set_256:inst6                           ; work         ;
;       |counter_with_set_16:inst1|  ; 20 (20)           ; 4 (4)        ; 0           ; 0            ; 0       ; 0         ; 0    ; 0            ; |fetch_system|counter_with_set_256:inst6|counter_with_set_16:inst1 ; work         ;
;       |counter_with_set_16:inst|   ; 20 (20)           ; 4 (4)        ; 0           ; 0            ; 0       ; 0         ; 0    ; 0            ; |fetch_system|counter_with_set_256:inst6|counter_with_set_16:inst  ; work         ;
;    |counter_with_set_256:inst|     ; 8 (0)             ; 8 (0)        ; 0           ; 0            ; 0       ; 0         ; 0    ; 0            ; |fetch_system|counter_with_set_256:inst                            ; work         ;
;       |counter_with_set_16:inst1|  ; 4 (4)             ; 4 (4)        ; 0           ; 0            ; 0       ; 0         ; 0    ; 0            ; |fetch_system|counter_with_set_256:inst|counter_with_set_16:inst1  ; work         ;
;       |counter_with_set_16:inst|   ; 4 (4)             ; 4 (4)        ; 0           ; 0            ; 0       ; 0         ; 0    ; 0            ; |fetch_system|counter_with_set_256:inst|counter_with_set_16:inst   ; work         ;
;    |multiplexer2_1:inst2|          ; 8 (8)             ; 0 (0)        ; 0           ; 0            ; 0       ; 0         ; 0    ; 0            ; |fetch_system|multiplexer2_1:inst2                                 ; work         ;
;    |register8_with_clrn:inst1|     ; 0 (0)             ; 6 (6)        ; 0           ; 0            ; 0       ; 0         ; 0    ; 0            ; |fetch_system|register8_with_clrn:inst1                            ; work         ;
;    |register8_with_clrn_tri:inst3| ; 0 (0)             ; 6 (6)        ; 0           ; 0            ; 0       ; 0         ; 0    ; 0            ; |fetch_system|register8_with_clrn_tri:inst3                        ; work         ;
+------------------------------------+-------------------+--------------+-------------+--------------+---------+-----------+------+--------------+--------------------------------------------------------------------+--------------+
Note: For table entries with two numbers listed, the numbers in parentheses indicate the number of resources of the given type used by the specific entity alone. The numbers listed outside of parentheses indicate the total resources of the given type used by the specific entity and all of its sub-entities in the hierarchy.


+-----------------------------------------------------------------------------------------+
; Registers Removed During Synthesis                                                      ;
+---------------------------------------+-------------------------------------------------+
; Register name                         ; Reason for Removal                              ;
+---------------------------------------+-------------------------------------------------+
; register8_with_clrn_tri:inst3|inst13  ; Merged with register8_with_clrn_tri:inst3|inst9 ;
; register8_with_clrn:inst1|inst13      ; Merged with register8_with_clrn:inst1|inst9     ;
; register8_with_clrn_tri:inst3|inst9   ; Stuck at GND due to stuck port data_in          ;
; register8_with_clrn:inst1|inst9       ; Stuck at GND due to stuck port data_in          ;
; Total Number of Removed Registers = 4 ;                                                 ;
+---------------------------------------+-------------------------------------------------+


+----------------------------------------------------------------------------------------------------------+
; Removed Registers Triggering Further Register Optimizations                                              ;
+-------------------------------------+---------------------------+----------------------------------------+
; Register name                       ; Reason for Removal        ; Registers Removed due to This Register ;
+-------------------------------------+---------------------------+----------------------------------------+
; register8_with_clrn_tri:inst3|inst9 ; Stuck at GND              ; register8_with_clrn:inst1|inst9        ;
;                                     ; due to stuck port data_in ;                                        ;
+-------------------------------------+---------------------------+----------------------------------------+


+------------------------------------------------------+
; General Register Statistics                          ;
+----------------------------------------------+-------+
; Statistic                                    ; Value ;
+----------------------------------------------+-------+
; Total registers                              ; 28    ;
; Number of registers using Synchronous Clear  ; 0     ;
; Number of registers using Synchronous Load   ; 0     ;
; Number of registers using Asynchronous Clear ; 28    ;
; Number of registers using Asynchronous Load  ; 0     ;
; Number of registers using Clock Enable       ; 0     ;
; Number of registers using Preset             ; 0     ;
+----------------------------------------------+-------+


+-------------------------------+
; Analysis & Synthesis Messages ;
+-------------------------------+
Info: *******************************************************************
Info: Running Quartus II Analysis & Synthesis
    Info: Version 8.1 Build 163 10/28/2008 SJ Web Edition
    Info: Processing started: Thu Mar 31 19:31:06 2022
Info: Command: quartus_map --read_settings_files=on --write_settings_files=off fetch_system -c fetch_system
Info: Found 1 design units, including 1 entities, in source file fetch_system.bdf
    Info: Found entity 1: fetch_system
Info: Elaborating entity "fetch_system" for the top level hierarchy
Warning: Using design file multiplexer2_1.bdf, which is not specified as a design file for the current project, but contains definitions for 1 design units and 1 entities in project
    Info: Found entity 1: multiplexer2_1
Info: Elaborating entity "multiplexer2_1" for hierarchy "multiplexer2_1:inst2"
Warning: Using design file register8_with_clrn.bdf, which is not specified as a design file for the current project, but contains definitions for 1 design units and 1 entities in project
    Info: Found entity 1: register8_with_clrn
Info: Elaborating entity "register8_with_clrn" for hierarchy "register8_with_clrn:inst1"
Warning: Using design file counter_with_set_256.bdf, which is not specified as a design file for the current project, but contains definitions for 1 design units and 1 entities in project
    Info: Found entity 1: counter_with_set_256
Info: Elaborating entity "counter_with_set_256" for hierarchy "counter_with_set_256:inst"
Warning: Using design file counter_with_set_16.bdf, which is not specified as a design file for the current project, but contains definitions for 1 design units and 1 entities in project
    Info: Found entity 1: counter_with_set_16
Info: Elaborating entity "counter_with_set_16" for hierarchy "counter_with_set_256:inst|counter_with_set_16:inst"
Warning: Using design file register8_with_clrn_tri.bdf, which is not specified as a design file for the current project, but contains definitions for 1 design units and 1 entities in project
    Info: Found entity 1: register8_with_clrn_tri
Info: Elaborating entity "register8_with_clrn_tri" for hierarchy "register8_with_clrn_tri:inst3"
Info: One or more bidirs are fed by always enabled tri-state buffers
    Info: Fan-out of permanently enabled tri-state buffer feeding bidir "RAMD5" is moved to its source
    Info: Fan-out of permanently enabled tri-state buffer feeding bidir "RAMD3" is moved to its source
Warning: Presettable and clearable registers converted to equivalent circuits with latches. Registers power-up to an undefined state, and DEVCLRn places the registers in an undefined state.
    Warning (13310): Register "counter_with_set_256:inst6|counter_with_set_16:inst1|inst" is converted into an equivalent circuit using register "counter_with_set_256:inst6|counter_with_set_16:inst1|inst~_emulated" and latch "counter_with_set_256:inst6|counter_with_set_16:inst1|inst~latch"
    Warning (13310): Register "counter_with_set_256:inst6|counter_with_set_16:inst|inst6" is converted into an equivalent circuit using register "counter_with_set_256:inst6|counter_with_set_16:inst|inst6~_emulated" and latch "counter_with_set_256:inst6|counter_with_set_16:inst|inst6~latch"
    Warning (13310): Register "counter_with_set_256:inst6|counter_with_set_16:inst|inst4" is converted into an equivalent circuit using register "counter_with_set_256:inst6|counter_with_set_16:inst|inst4~_emulated" and latch "counter_with_set_256:inst6|counter_with_set_16:inst|inst4~latch"
    Warning (13310): Register "counter_with_set_256:inst6|counter_with_set_16:inst|inst2" is converted into an equivalent circuit using register "counter_with_set_256:inst6|counter_with_set_16:inst|inst2~_emulated" and latch "counter_with_set_256:inst6|counter_with_set_16:inst|inst2~latch"
    Warning (13310): Register "counter_with_set_256:inst6|counter_with_set_16:inst|inst" is converted into an equivalent circuit using register "counter_with_set_256:inst6|counter_with_set_16:inst|inst~_emulated" and latch "counter_with_set_256:inst6|counter_with_set_16:inst|inst~latch"
    Warning (13310): Register "counter_with_set_256:inst6|counter_with_set_16:inst1|inst6" is converted into an equivalent circuit using register "counter_with_set_256:inst6|counter_with_set_16:inst1|inst6~_emulated" and latch "counter_with_set_256:inst6|counter_with_set_16:inst1|inst6~latch"
    Warning (13310): Register "counter_with_set_256:inst6|counter_with_set_16:inst1|inst4" is converted into an equivalent circuit using register "counter_with_set_256:inst6|counter_with_set_16:inst1|inst4~_emulated" and latch "counter_with_set_256:inst6|counter_with_set_16:inst1|inst4~latch"
    Warning (13310): Register "counter_with_set_256:inst6|counter_with_set_16:inst1|inst2" is converted into an equivalent circuit using register "counter_with_set_256:inst6|counter_with_set_16:inst1|inst2~_emulated" and latch "counter_with_set_256:inst6|counter_with_set_16:inst1|inst2~latch"
Warning: TRI or OPNDRN buffers permanently enabled
    Warning: Node "register8_with_clrn_tri:inst3|inst3"
    Warning: Node "register8_with_clrn_tri:inst3|inst5"
Info: Implemented 119 device resources after synthesis - the final resource count might be different
    Info: Implemented 20 input pins
    Info: Implemented 20 output pins
    Info: Implemented 8 bidirectional pins
    Info: Implemented 71 logic cells
Info: Quartus II Analysis & Synthesis was successful. 0 errors, 17 warnings
    Info: Peak virtual memory: 247 megabytes
    Info: Processing ended: Thu Mar 31 19:31:07 2022
    Info: Elapsed time: 00:00:01
    Info: Total CPU time (on all processors): 00:00:01


